{"meta": {"format": 3, "version": "7.15.2", "timestamp": "2026-08-02T21:07:03.734511", "branch_coverage": true, "show_contexts": false}, "files": {"src/__init__.py": {"executed_lines": [], "summary": {"covered_lines": 0, "num_statements": 0, "percent_covered": 100.0, "percent_covered_display": "100", "missing_lines": 0, "excluded_lines": 0, "percent_statements_covered": 100.0, "percent_statements_covered_display": "100", "num_branches": 0, "num_partial_branches": 0, "covered_branches": 0, "missing_branches": 0, "percent_branches_covered": 100.0, "percent_branches_covered_display": "100"}, "missing_lines": [], "excluded_lines": [], "executed_branches": [], "missing_branches": [], "functions": {"": {"executed_lines": [], "summary": {"covered_lines": 0, "num_statements": 0, "percent_covered": 100.0, "percent_covered_display": "100", "missing_lines": 0, "excluded_lines": 0, "percent_statements_covered": 100.0, "percent_statements_covered_display": "100", "num_branches": 0, "num_partial_branches": 0, "covered_branches": 0, "missing_branches": 0, "percent_branches_covered": 100.0, "percent_branches_covered_display": "100"}, "missing_lines": [], "excluded_lines": [], "start_line": 1, "executed_branches": [], "missing_branches": []}}, "classes": {"": {"executed_lines": [], "summary": {"covered_lines": 0, "num_statements": 0, "percent_covered": 100.0, "percent_covered_display": "100", "missing_lines": 0, "excluded_lines": 0, "percent_statements_covered": 100.0, "percent_statements_covered_display": "100", "num_branches": 0, "num_partial_branches": 0, "covered_branches": 0, "missing_branches": 0, "percent_branches_covered": 100.0, "percent_branches_covered_display": "100"}, "missing_lines": [], "excluded_lines": [], "start_line": 1, "executed_branches": [], "missing_branches": []}}}, "src/scrub/__init__.py": {"executed_lines": [], "summary": {"covered_lines": 0, "num_statements": 0, "percent_covered": 100.0, "percent_covered_display": "100", "missing_lines": 0, "excluded_lines": 0, "percent_statements_covered": 100.0, "percent_statements_covered_display": "100", "num_branches": 0, "num_partial_branches": 0, "covered_branches": 0, "missing_branches": 0, "percent_branches_covered": 100.0, "percent_branches_covered_display": "100"}, "missing_lines": [], "excluded_lines": [], "executed_branches": [], "missing_branches": [], "functions": {"": {"executed_lines": [], "summary": {"covered_lines": 0, "num_statements": 0, "percent_covered": 100.0, "percent_covered_display": "100", "missing_lines": 0, "excluded_lines": 0, "percent_statements_covered": 100.0, "percent_statements_covered_display": "100", "num_branches": 0, "num_partial_branches": 0, "covered_branches": 0, "missing_branches": 0, "percent_branches_covered": 100.0, "percent_branches_covered_display": "100"}, "missing_lines": [], "excluded_lines": [], "start_line": 1, "executed_branches": [], "missing_branches": []}}, "classes": {"": {"executed_lines": [], "summary": {"covered_lines": 0, "num_statements": 0, "percent_covered": 100.0, "percent_covered_display": "100", "missing_lines": 0, "excluded_lines": 0, "percent_statements_covered": 100.0, "percent_statements_covered_display": "100", "num_branches": 0, "num_partial_branches": 0, "covered_branches": 0, "missing_branches": 0, "percent_branches_covered": 100.0, "percent_branches_covered_display": "100"}, "missing_lines": [], "excluded_lines": [], "start_line": 1, "executed_branches": [], "missing_branches": []}}}, "src/scrub/__main__.py": {"executed_lines": [], "summary": {"covered_lines": 0, "num_statements": 2, "percent_covered": 0.0, "percent_covered_display": "0", "missing_lines": 2, "excluded_lines": 0, "percent_statements_covered": 0.0, "percent_statements_covered_display": "0", "num_branches": 0, "num_partial_branches": 0, "covered_branches": 0, "missing_branches": 0, "percent_branches_covered": 100.0, "percent_branches_covered_display": "100"}, "missing_lines": [1, 3], "excluded_lines": [], "executed_branches": [], "missing_branches": [], "functions": {"": {"executed_lines": [], "summary": {"covered_lines": 0, "num_statements": 2, "percent_covered": 0.0, "percent_covered_display": "0", "missing_lines": 2, "excluded_lines": 0, "percent_statements_covered": 0.0, "percent_statements_covered_display": "0", "num_branches": 0, "num_partial_branches": 0, "covered_branches": 0, "missing_branches": 0, "percent_branches_covered": 100.0, "percent_branches_covered_display": "100"}, "missing_lines": [1, 3], "excluded_lines": [], "start_line": 1, "executed_branches": [], "missing_branches": []}}, "classes": {"": {"executed_lines": [], "summary": {"covered_lines": 0, "num_statements": 2, "percent_covered": 0.0, "percent_covered_display": "0", "missing_lines": 2, "excluded_lines": 0, "percent_statements_covered": 0.0, "percent_statements_covered_display": "0", "num_branches": 0, "num_partial_branches": 0, "covered_branches": 0, "missing_branches": 0, "percent_branches_covered": 100.0, "percent_branches_covered_display": "100"}, "missing_lines": [1, 3], "excluded_lines": [], "start_line": 1, "executed_branches": [], "missing_branches": []}}}, "src/scrub/cli.py": {"executed_lines": [14, 16, 17, 18, 19, 21, 22, 23, 25, 33, 34, 35, 36, 37, 38, 39, 48, 52, 53, 54, 56, 57, 58, 60, 61, 62, 63, 64, 68, 71, 72, 75, 76, 77, 79, 81, 82, 83, 84, 85, 92], "summary": {"covered_lines": 41, "num_statements": 53, "percent_covered": 77.19298245614036, "percent_covered_display": "77", "missing_lines": 12, "excluded_lines": 2, "percent_statements_covered": 77.35849056603773, "percent_statements_covered_display": "77", "num_branches": 4, "num_partial_branches": 1, "covered_branches": 3, "missing_branches": 1, "percent_branches_covered": 75.0, "percent_branches_covered_display": "75"}, "missing_lines": [40, 41, 42, 43, 44, 45, 86, 87, 88, 89, 90, 91], "excluded_lines": [95, 96], "executed_branches": [[61, 62], [63, 64], [63, 68]], "missing_branches": [[61, 68]], "functions": {"_write_atomic": {"executed_lines": [34, 35, 36, 37, 38, 39], "summary": {"covered_lines": 6, "num_statements": 12, "percent_covered": 50.0, "percent_covered_display": "50", "missing_lines": 6, "excluded_lines": 0, "percent_statements_covered": 50.0, "percent_statements_covered_display": "50", "num_branches": 0, "num_partial_branches": 0, "covered_branches": 0, "missing_branches": 0, "percent_branches_covered": 100.0, "percent_branches_covered_display": "100"}, "missing_lines": [40, 41, 42, 43, 44, 45], "excluded_lines": [], "start_line": 33, "executed_branches": [], "missing_branches": []}, "scrub_file": {"executed_lines": [52, 53, 54, 56, 57, 58, 60, 61, 62, 63, 64, 68], "summary": {"covered_lines": 12, "num_statements": 12, "percent_covered": 93.75, "percent_covered_display": "94", "missing_lines": 0, "excluded_lines": 0, "percent_statements_covered": 100.0, "percent_statements_covered_display": "100", "num_branches": 4, "num_partial_branches": 1, "covered_branches": 3, "missing_branches": 1, "percent_branches_covered": 75.0, "percent_branches_covered_display": "75"}, "missing_lines": [], "excluded_lines": [], "start_line": 48, "executed_branches": [[61, 62], [63, 64], [63, 68]], "missing_branches": [[61, 68]]}, "main": {"executed_lines": [72, 75, 76, 77, 79, 81, 82, 83, 84, 85, 92], "summary": {"covered_lines": 11, "num_statements": 17, "percent_covered": 64.70588235294117, "percent_covered_display": "65", "missing_lines": 6, "excluded_lines": 0, "percent_statements_covered": 64.70588235294117, "percent_statements_covered_display": "65", "num_branches": 0, "num_partial_branches": 0, "covered_branches": 0, "missing_branches": 0, "percent_branches_covered": 100.0, "percent_branches_covered_display": "100"}, "missing_lines": [86, 87, 88, 89, 90, 91], "excluded_lines": [], "start_line": 71, "executed_branches": [], "missing_branches": []}, "": {"executed_lines": [14, 16, 17, 18, 19, 21, 22, 23, 25, 33, 48, 71], "summary": {"covered_lines": 12, "num_statements": 12, "percent_covered": 100.0, "percent_covered_display": "100", "missing_lines": 0, "excluded_lines": 2, "percent_statements_covered": 100.0, "percent_statements_covered_display": "100", "num_branches": 0, "num_partial_branches": 0, "covered_branches": 0, "missing_branches": 0, "percent_branches_covered": 100.0, "percent_branches_covered_display": "100"}, "missing_lines": [], "excluded_lines": [95, 96], "start_line": 1, "executed_branches": [], "missing_branches": []}}, "classes": {"": {"executed_lines": [14, 16, 17, 18, 19, 21, 22, 23, 25, 33, 34, 35, 36, 37, 38, 39, 48, 52, 53, 54, 56, 57, 58, 60, 61, 62, 63, 64, 68, 71, 72, 75, 76, 77, 79, 81, 82, 83, 84, 85, 92], "summary": {"covered_lines": 41, "num_statements": 53, "percent_covered": 77.19298245614036, "percent_covered_display": "77", "missing_lines": 12, "excluded_lines": 2, "percent_statements_covered": 77.35849056603773, "percent_statements_covered_display": "77", "num_branches": 4, "num_partial_branches": 1, "covered_branches": 3, "missing_branches": 1, "percent_branches_covered": 75.0, "percent_branches_covered_display": "75"}, "missing_lines": [40, 41, 42, 43, 44, 45, 86, 87, 88, 89, 90, 91], "excluded_lines": [95, 96], "start_line": 1, "executed_branches": [[61, 62], [63, 64], [63, 68]], "missing_branches": [[61, 68]]}}}, "src/scrub/dispatch.py": {"executed_lines": [7, 9, 12, 15, 16, 17, 19, 20, 22, 23, 24, 25, 26, 27, 31, 34, 35, 36, 37, 38, 39, 40, 41], "summary": {"covered_lines": 23, "num_statements": 23, "percent_covered": 100.0, "percent_covered_display": "100", "missing_lines": 0, "excluded_lines": 0, "percent_statements_covered": 100.0, "percent_statements_covered_display": "100", "num_branches": 4, "num_partial_branches": 0, "covered_branches": 4, "missing_branches": 0, "percent_branches_covered": 100.0, "percent_branches_covered_display": "100"}, "missing_lines": [], "excluded_lines": [], "executed_branches": [[24, 25], [24, 27], [25, 24], [25, 26]], "missing_branches": [], "functions": {"Dispatcher.__init__": {"executed_lines": [17], "summary": {"covered_lines": 1, "num_statements": 1, "percent_covered": 100.0, "percent_covered_display": "100", "missing_lines": 0, "excluded_lines": 0, "percent_statements_covered": 100.0, "percent_statements_covered_display": "100", "num_branches": 0, "num_partial_branches": 0, "covered_branches": 0, "missing_branches": 0, "percent_branches_covered": 100.0, "percent_branches_covered_display": "100"}, "missing_lines": [], "excluded_lines": [], "start_line": 16, "executed_branches": [], "missing_branches": []}, "Dispatcher.register": {"executed_lines": [20], "summary": {"covered_lines": 1, "num_statements": 1, "percent_covered": 100.0, "percent_covered_display": "100", "missing_lines": 0, "excluded_lines": 0, "percent_statements_covered": 100.0, "percent_statements_covered_display": "100", "num_branches": 0, "num_partial_branches": 0, "covered_branches": 0, "missing_branches": 0, "percent_branches_covered": 100.0, "percent_branches_covered_display": "100"}, "missing_lines": [], "excluded_lines": [], "start_line": 19, "executed_branches": [], "missing_branches": []}, "Dispatcher.resolve": {"executed_lines": [23, 24, 25, 26, 27], "summary": {"covered_lines": 5, "num_statements": 5, "percent_covered": 100.0, "percent_covered_display": "100", "missing_lines": 0, "excluded_lines": 0, "percent_statements_covered": 100.0, "percent_statements_covered_display": "100", "num_branches": 4, "num_partial_branches": 0, "covered_branches": 4, "missing_branches": 0, "percent_branches_covered": 100.0, "percent_branches_covered_display": "100"}, "missing_lines": [], "excluded_lines": [], "start_line": 22, "executed_branches": [[24, 25], [24, 27], [25, 24], [25, 26]], "missing_branches": []}, "default_dispatcher": {"executed_lines": [34, 35, 36, 37, 38, 39, 40, 41], "summary": {"covered_lines": 8, "num_statements": 8, "percent_covered": 100.0, "percent_covered_display": "100", "missing_lines": 0, "excluded_lines": 0, "percent_statements_covered": 100.0, "percent_statements_covered_display": "100", "num_branches": 0, "num_partial_branches": 0, "covered_branches": 0, "missing_branches": 0, "percent_branches_covered": 100.0, "percent_branches_covered_display": "100"}, "missing_lines": [], "excluded_lines": [], "start_line": 31, "executed_branches": [], "missing_branches": []}, "": {"executed_lines": [7, 9, 12, 15, 16, 19, 22, 31], "summary": {"covered_lines": 8, "num_statements": 8, "percent_covered": 100.0, "percent_covered_display": "100", "missing_lines": 0, "excluded_lines": 0, "percent_statements_covered": 100.0, "percent_statements_covered_display": "100", "num_branches": 0, "num_partial_branches": 0, "covered_branches": 0, "missing_branches": 0, "percent_branches_covered": 100.0, "percent_branches_covered_display": "100"}, "missing_lines": [], "excluded_lines": [], "start_line": 1, "executed_branches": [], "missing_branches": []}}, "classes": {"Dispatcher": {"executed_lines": [17, 20, 23, 24, 25, 26, 27], "summary": {"covered_lines": 7, "num_statements": 7, "percent_covered": 100.0, "percent_covered_display": "100", "missing_lines": 0, "excluded_lines": 0, "percent_statements_covered": 100.0, "percent_statements_covered_display": "100", "num_branches": 4, "num_partial_branches": 0, "covered_branches": 4, "missing_branches": 0, "percent_branches_covered": 100.0, "percent_branches_covered_display": "100"}, "missing_lines": [], "excluded_lines": [], "start_line": 15, "executed_branches": [[24, 25], [24, 27], [25, 24], [25, 26]], "missing_branches": []}, "": {"executed_lines": [7, 9, 12, 15, 16, 19, 22, 31, 34, 35, 36, 37, 38, 39, 40, 41], "summary": {"covered_lines": 16, "num_statements": 16, "percent_covered": 100.0, "percent_covered_display": "100", "missing_lines": 0, "excluded_lines": 0, "percent_statements_covered": 100.0, "percent_statements_covered_display": "100", "num_branches": 0, "num_partial_branches": 0, "covered_branches": 0, "missing_branches": 0, "percent_branches_covered": 100.0, "percent_branches_covered_display": "100"}, "missing_lines": [], "excluded_lines": [], "start_line": 1, "executed_branches": [], "missing_branches": []}}}, "src/scrub/errors.py": {"executed_lines": [8, 11, 15, 19, 25, 30], "summary": {"covered_lines": 6, "num_statements": 6, "percent_covered": 100.0, "percent_covered_display": "100", "missing_lines": 0, "excluded_lines": 0, "percent_statements_covered": 100.0, "percent_statements_covered_display": "100", "num_branches": 0, "num_partial_branches": 0, "covered_branches": 0, "missing_branches": 0, "percent_branches_covered": 100.0, "percent_branches_covered_display": "100"}, "missing_lines": [], "excluded_lines": [], "executed_branches": [], "missing_branches": [], "functions": {"": {"executed_lines": [8, 11, 15, 19, 25, 30], "summary": {"covered_lines": 6, "num_statements": 6, "percent_covered": 100.0, "percent_covered_display": "100", "missing_lines": 0, "excluded_lines": 0, "percent_statements_covered": 100.0, "percent_statements_covered_display": "100", "num_branches": 0, "num_partial_branches": 0, "covered_branches": 0, "missing_branches": 0, "percent_branches_covered": 100.0, "percent_branches_covered_display": "100"}, "missing_lines": [], "excluded_lines": [], "start_line": 1, "executed_branches": [], "missing_branches": []}}, "classes": {"ScrubError": {"executed_lines": [], "summary": {"covered_lines": 0, "num_statements": 0, "percent_covered": 100.0, "percent_covered_display": "100", "missing_lines": 0, "excluded_lines": 0, "percent_statements_covered": 100.0, "percent_statements_covered_display": "100", "num_branches": 0, "num_partial_branches": 0, "covered_branches": 0, "missing_branches": 0, "percent_branches_covered": 100.0, "percent_branches_covered_display": "100"}, "missing_lines": [], "excluded_lines": [], "start_line": 11, "executed_branches": [], "missing_branches": []}, "UnsupportedFormatError": {"executed_lines": [], "summary": {"covered_lines": 0, "num_statements": 0, "percent_covered": 100.0, "percent_covered_display": "100", "missing_lines": 0, "excluded_lines": 0, "percent_statements_covered": 100.0, "percent_statements_covered_display": "100", "num_branches": 0, "num_partial_branches": 0, "covered_branches": 0, "missing_branches": 0, "percent_branches_covered": 100.0, "percent_branches_covered_display": "100"}, "missing_lines": [], "excluded_lines": [], "start_line": 15, "executed_branches": [], "missing_branches": []}, "ParseError": {"executed_lines": [], "summary": {"covered_lines": 0, "num_statements": 0, "percent_covered": 100.0, "percent_covered_display": "100", "missing_lines": 0, "excluded_lines": 0, "percent_statements_covered": 100.0, "percent_statements_covered_display": "100", "num_branches": 0, "num_partial_branches": 0, "covered_branches": 0, "missing_branches": 0, "percent_branches_covered": 100.0, "percent_branches_covered_display": "100"}, "missing_lines": [], "excluded_lines": [], "start_line": 19, "executed_branches": [], "missing_branches": []}, "FidelityError": {"executed_lines": [], "summary": {"covered_lines": 0, "num_statements": 0, "percent_covered": 100.0, "percent_covered_display": "100", "missing_lines": 0, "excluded_lines": 0, "percent_statements_covered": 100.0, "percent_statements_covered_display": "100", "num_branches": 0, "num_partial_branches": 0, "covered_branches": 0, "missing_branches": 0, "percent_branches_covered": 100.0, "percent_branches_covered_display": "100"}, "missing_lines": [], "excluded_lines": [], "start_line": 25, "executed_branches": [], "missing_branches": []}, "ContentError": {"executed_lines": [], "summary": {"covered_lines": 0, "num_statements": 0, "percent_covered": 100.0, "percent_covered_display": "100", "missing_lines": 0, "excluded_lines": 0, "percent_statements_covered": 100.0, "percent_statements_covered_display": "100", "num_branches": 0, "num_partial_branches": 0, "covered_branches": 0, "missing_branches": 0, "percent_branches_covered": 100.0, "percent_branches_covered_display": "100"}, "missing_lines": [], "excluded_lines": [], "start_line": 30, "executed_branches": [], "missing_branches": []}, "": {"executed_lines": [8, 11, 15, 19, 25, 30], "summary": {"covered_lines": 6, "num_statements": 6, "percent_covered": 100.0, "percent_covered_display": "100", "missing_lines": 0, "excluded_lines": 0, "percent_statements_covered": 100.0, "percent_statements_covered_display": "100", "num_branches": 0, "num_partial_branches": 0, "covered_branches": 0, "missing_branches": 0, "percent_branches_covered": 100.0, "percent_branches_covered_display": "100"}, "missing_lines": [], "excluded_lines": [], "start_line": 1, "executed_branches": [], "missing_branches": []}}}, "src/scrub/fidelity.py": {"executed_lines": [14, 16, 18, 19, 20, 21, 24, 25, 27], "summary": {"covered_lines": 9, "num_statements": 10, "percent_covered": 83.33333333333333, "percent_covered_display": "83", "missing_lines": 1, "excluded_lines": 0, "percent_statements_covered": 90.0, "percent_statements_covered_display": "90", "num_branches": 2, "num_partial_branches": 1, "covered_branches": 1, "missing_branches": 1, "percent_branches_covered": 50.0, "percent_branches_covered_display": "50"}, "missing_lines": [26], "excluded_lines": [], "executed_branches": [[25, 27]], "missing_branches": [[25, 26]], "functions": {"validate": {"executed_lines": [25, 27], "summary": {"covered_lines": 2, "num_statements": 3, "percent_covered": 60.0, "percent_covered_display": "60", "missing_lines": 1, "excluded_lines": 0, "percent_statements_covered": 66.66666666666667, "percent_statements_covered_display": "67", "num_branches": 2, "num_partial_branches": 1, "covered_branches": 1, "missing_branches": 1, "percent_branches_covered": 50.0, "percent_branches_covered_display": "50"}, "missing_lines": [26], "excluded_lines": [], "start_line": 24, "executed_branches": [[25, 27]], "missing_branches": [[25, 26]]}, "": {"executed_lines": [14, 16, 18, 19, 20, 21, 24], "summary": {"covered_lines": 7, "num_statements": 7, "percent_covered": 100.0, "percent_covered_display": "100", "missing_lines": 0, "excluded_lines": 0, "percent_statements_covered": 100.0, "percent_statements_covered_display": "100", "num_branches": 0, "num_partial_branches": 0, "covered_branches": 0, "missing_branches": 0, "percent_branches_covered": 100.0, "percent_branches_covered_display": "100"}, "missing_lines": [], "excluded_lines": [], "start_line": 1, "executed_branches": [], "missing_branches": []}}, "classes": {"": {"executed_lines": [14, 16, 18, 19, 20, 21, 24, 25, 27], "summary": {"covered_lines": 9, "num_statements": 10, "percent_covered": 83.33333333333333, "percent_covered_display": "83", "missing_lines": 1, "excluded_lines": 0, "percent_statements_covered": 90.0, "percent_statements_covered_display": "90", "num_branches": 2, "num_partial_branches": 1, "covered_branches": 1, "missing_branches": 1, "percent_branches_covered": 50.0, "percent_branches_covered_display": "50"}, "missing_lines": [26], "excluded_lines": [], "start_line": 1, "executed_branches": [[25, 27]], "missing_branches": [[25, 26]]}}}, "src/scrub/formats/__init__.py": {"executed_lines": [], "summary": {"covered_lines": 0, "num_statements": 0, "percent_covered": 100.0, "percent_covered_display": "100", "missing_lines": 0, "excluded_lines": 0, "percent_statements_covered": 100.0, "percent_statements_covered_display": "100", "num_branches": 0, "num_partial_branches": 0, "covered_branches": 0, "missing_branches": 0, "percent_branches_covered": 100.0, "percent_branches_covered_display": "100"}, "missing_lines": [], "excluded_lines": [], "executed_branches": [], "missing_branches": [], "functions": {"": {"executed_lines": [], "summary": {"covered_lines": 0, "num_statements": 0, "percent_covered": 100.0, "percent_covered_display": "100", "missing_lines": 0, "excluded_lines": 0, "percent_statements_covered": 100.0, "percent_statements_covered_display": "100", "num_branches": 0, "num_partial_branches": 0, "covered_branches": 0, "missing_branches": 0, "percent_branches_covered": 100.0, "percent_branches_covered_display": "100"}, "missing_lines": [], "excluded_lines": [], "start_line": 1, "executed_branches": [], "missing_branches": []}}, "classes": {"": {"executed_lines": [], "summary": {"covered_lines": 0, "num_statements": 0, "percent_covered": 100.0, "percent_covered_display": "100", "missing_lines": 0, "excluded_lines": 0, "percent_statements_covered": 100.0, "percent_statements_covered_display": "100", "num_branches": 0, "num_partial_branches": 0, "covered_branches": 0, "missing_branches": 0, "percent_branches_covered": 100.0, "percent_branches_covered_display": "100"}, "missing_lines": [], "excluded_lines": [], "start_line": 1, "executed_branches": [], "missing_branches": []}}}, "src/scrub/formats/base.py": {"executed_lines": [8, 10, 12, 15, 16, 17, 18, 19, 25, 27, 28, 29, 31, 32, 34, 35, 36, 39, 40, 42], "summary": {"covered_lines": 20, "num_statements": 21, "percent_covered": 92.0, "percent_covered_display": "92", "missing_lines": 1, "excluded_lines": 5, "percent_statements_covered": 95.23809523809524, "percent_statements_covered_display": "95", "num_branches": 4, "num_partial_branches": 1, "covered_branches": 3, "missing_branches": 1, "percent_branches_covered": 75.0, "percent_branches_covered_display": "75"}, "missing_lines": [41], "excluded_lines": [20, 21, 22, 23, 24], "executed_branches": [[35, 36], [35, 39], [40, 42]], "missing_branches": [[40, 41]], "functions": {"ImageHandler.matches": {"executed_lines": [], "summary": {"covered_lines": 0, "num_statements": 0, "percent_covered": 100.0, "percent_covered_display": "100", "missing_lines": 0, "excluded_lines": 1, "percent_statements_covered": 100.0, "percent_statements_covered_display": "100", "num_branches": 0, "num_partial_branches": 0, "covered_branches": 0, "missing_branches": 0, "percent_branches_covered": 100.0, "percent_branches_covered_display": "100"}, "missing_lines": [], "excluded_lines": [21], "start_line": 21, "executed_branches": [], "missing_branches": []}, "ImageHandler.scrub": {"executed_lines": [], "summary": {"covered_lines": 0, "num_statements": 0, "percent_covered": 100.0, "percent_covered_display": "100", "missing_lines": 0, "excluded_lines": 1, "percent_statements_covered": 100.0, "percent_statements_covered_display": "100", "num_branches": 0, "num_partial_branches": 0, "covered_branches": 0, "missing_branches": 0, "percent_branches_covered": 100.0, "percent_branches_covered_display": "100"}, "missing_lines": [], "excluded_lines": [22], "start_line": 22, "executed_branches": [], "missing_branches": []}, "BaseHandler.matches": {"executed_lines": [32], "summary": {"covered_lines": 1, "num_statements": 1, "percent_covered": 100.0, "percent_covered_display": "100", "missing_lines": 0, "excluded_lines": 0, "percent_statements_covered": 100.0, "percent_statements_covered_display": "100", "num_branches": 0, "num_partial_branches": 0, "covered_branches": 0, "missing_branches": 0, "percent_branches_covered": 100.0, "percent_branches_covered_display": "100"}, "missing_lines": [], "excluded_lines": [], "start_line": 31, "executed_branches": [], "missing_branches": []}, "BaseHandler.scrub": {"executed_lines": [35, 36, 39, 40, 42], "summary": {"covered_lines": 5, "num_statements": 6, "percent_covered": 80.0, "percent_covered_display": "80", "missing_lines": 1, "excluded_lines": 0, "percent_statements_covered": 83.33333333333333, "percent_statements_covered_display": "83", "num_branches": 4, "num_partial_branches": 1, "covered_branches": 3, "missing_branches": 1, "percent_branches_covered": 75.0, "percent_branches_covered_display": "75"}, "missing_lines": [41], "excluded_lines": [], "start_line": 34, "executed_branches": [[35, 36], [35, 39], [40, 42]], "missing_branches": [[40, 41]]}, "": {"executed_lines": [8, 10, 12, 15, 16, 17, 18, 19, 25, 27, 28, 29, 31, 34], "summary": {"covered_lines": 14, "num_statements": 14, "percent_covered": 100.0, "percent_covered_display": "100", "missing_lines": 0, "excluded_lines": 3, "percent_statements_covered": 100.0, "percent_statements_covered_display": "100", "num_branches": 0, "num_partial_branches": 0, "covered_branches": 0, "missing_branches": 0, "percent_branches_covered": 100.0, "percent_branches_covered_display": "100"}, "missing_lines": [], "excluded_lines": [20, 23, 24], "start_line": 1, "executed_branches": [], "missing_branches": []}}, "classes": {"ImageHandler": {"executed_lines": [], "summary": {"covered_lines": 0, "num_statements": 0, "percent_covered": 100.0, "percent_covered_display": "100", "missing_lines": 0, "excluded_lines": 2, "percent_statements_covered": 100.0, "percent_statements_covered_display": "100", "num_branches": 0, "num_partial_branches": 0, "covered_branches": 0, "missing_branches": 0, "percent_branches_covered": 100.0, "percent_branches_covered_display": "100"}, "missing_lines": [], "excluded_lines": [21, 22], "start_line": 16, "executed_branches": [], "missing_branches": []}, "BaseHandler": {"executed_lines": [32, 35, 36, 39, 40, 42], "summary": {"covered_lines": 6, "num_statements": 7, "percent_covered": 81.81818181818181, "percent_covered_display": "82", "missing_lines": 1, "excluded_lines": 0, "percent_statements_covered": 85.71428571428571, "percent_statements_covered_display": "86", "num_branches": 4, "num_partial_branches": 1, "covered_branches": 3, "missing_branches": 1, "percent_branches_covered": 75.0, "percent_branches_covered_display": "75"}, "missing_lines": [41], "excluded_lines": [], "start_line": 25, "executed_branches": [[35, 36], [35, 39], [40, 42]], "missing_branches": [[40, 41]]}, "": {"executed_lines": [8, 10, 12, 15, 16, 17, 18, 19, 25, 27, 28, 29, 31, 34], "summary": {"covered_lines": 14, "num_statements": 14, "percent_covered": 100.0, "percent_covered_display": "100", "missing_lines": 0, "excluded_lines": 3, "percent_statements_covered": 100.0, "percent_statements_covered_display": "100", "num_branches": 0, "num_partial_branches": 0, "covered_branches": 0, "missing_branches": 0, "percent_branches_covered": 100.0, "percent_branches_covered_display": "100"}, "missing_lines": [], "excluded_lines": [20, 23, 24], "start_line": 1, "executed_branches": [], "missing_branches": []}}}, "src/scrub/formats/jpeg/__init__.py": {"executed_lines": [], "summary": {"covered_lines": 0, "num_statements": 0, "percent_covered": 100.0, "percent_covered_display": "100", "missing_lines": 0, "excluded_lines": 0, "percent_statements_covered": 100.0, "percent_statements_covered_display": "100", "num_branches": 0, "num_partial_branches": 0, "covered_branches": 0, "missing_branches": 0, "percent_branches_covered": 100.0, "percent_branches_covered_display": "100"}, "missing_lines": [], "excluded_lines": [], "executed_branches": [], "missing_branches": [], "functions": {"": {"executed_lines": [], "summary": {"covered_lines": 0, "num_statements": 0, "percent_covered": 100.0, "percent_covered_display": "100", "missing_lines": 0, "excluded_lines": 0, "percent_statements_covered": 100.0, "percent_statements_covered_display": "100", "num_branches": 0, "num_partial_branches": 0, "covered_branches": 0, "missing_branches": 0, "percent_branches_covered": 100.0, "percent_branches_covered_display": "100"}, "missing_lines": [], "excluded_lines": [], "start_line": 1, "executed_branches": [], "missing_branches": []}}, "classes": {"": {"executed_lines": [], "summary": {"covered_lines": 0, "num_statements": 0, "percent_covered": 100.0, "percent_covered_display": "100", "missing_lines": 0, "excluded_lines": 0, "percent_statements_covered": 100.0, "percent_statements_covered_display": "100", "num_branches": 0, "num_partial_branches": 0, "covered_branches": 0, "missing_branches": 0, "percent_branches_covered": 100.0, "percent_branches_covered_display": "100"}, "missing_lines": [], "excluded_lines": [], "start_line": 1, "executed_branches": [], "missing_branches": []}}}, "src/scrub/formats/jpeg/f1.py": {"executed_lines": [26, 28, 30, 35, 44, 47, 50, 51, 52, 53, 54, 55, 58, 66, 69, 70, 71, 72, 73, 74, 76, 78, 82, 83, 86, 89, 90, 91, 92, 93, 94, 95, 97, 101, 104, 108, 109, 110, 111, 112, 113, 114, 115, 116, 117, 121, 122, 123, 124], "summary": {"covered_lines": 49, "num_statements": 58, "percent_covered": 84.0909090909091, "percent_covered_display": "84", "missing_lines": 9, "excluded_lines": 0, "percent_statements_covered": 84.48275862068965, "percent_statements_covered_display": "84", "num_branches": 30, "num_partial_branches": 3, "covered_branches": 25, "missing_branches": 5, "percent_branches_covered": 83.33333333333333, "percent_branches_covered_display": "83"}, "missing_lines": [60, 61, 62, 63, 77, 79, 118, 119, 120], "excluded_lines": [], "executed_branches": [[70, 71], [70, 83], [71, 72], [71, 73], [73, 74], [73, 76], [76, 78], [78, 82], [91, 92], [91, 97], [92, 93], [92, 94], [94, 91], [94, 95], [110, 111], [110, 122], [111, 112], [111, 113], [113, 114], [113, 117], [114, 115], [114, 116], [117, 121], [122, 123], [122, 124]], "missing_branches": [[76, 77], [78, 79], [117, 118], [118, 119], [118, 120]], "functions": {"_canonical_adobe": {"executed_lines": [], "summary": {"covered_lines": 0, "num_statements": 4, "percent_covered": 0.0, "percent_covered_display": "0", "missing_lines": 4, "excluded_lines": 0, "percent_statements_covered": 0.0, "percent_statements_covered_display": "0", "num_branches": 0, "num_partial_branches": 0, "covered_branches": 0, "missing_branches": 0, "percent_branches_covered": 100.0, "percent_branches_covered_display": "100"}, "missing_lines": [60, 61, 62, 63], "excluded_lines": [], "start_line": 58, "executed_branches": [], "missing_branches": []}, "plan": {"executed_lines": [69, 70, 71, 72, 73, 74, 76, 78, 82, 83], "summary": {"covered_lines": 10, "num_statements": 12, "percent_covered": 81.81818181818181, "percent_covered_display": "82", "missing_lines": 2, "excluded_lines": 0, "percent_statements_covered": 83.33333333333333, "percent_statements_covered_display": "83", "num_branches": 10, "num_partial_branches": 2, "covered_branches": 8, "missing_branches": 2, "percent_branches_covered": 80.0, "percent_branches_covered_display": "80"}, "missing_lines": [77, 79], "excluded_lines": [], "start_line": 66, "executed_branches": [[70, 71], [70, 83], [71, 72], [71, 73], [73, 74], [73, 76], [76, 78], [78, 82]], "missing_branches": [[76, 77], [78, 79]]}, "scrub": {"executed_lines": [89, 90, 91, 92, 93, 94, 95, 97], "summary": {"covered_lines": 8, "num_statements": 8, "percent_covered": 100.0, "percent_covered_display": "100", "missing_lines": 0, "excluded_lines": 0, "percent_statements_covered": 100.0, "percent_statements_covered_display": "100", "num_branches": 6, "num_partial_branches": 0, "covered_branches": 6, "missing_branches": 0, "percent_branches_covered": 100.0, "percent_branches_covered_display": "100"}, "missing_lines": [], "excluded_lines": [], "start_line": 86, "executed_branches": [[91, 92], [91, 97], [92, 93], [92, 94], [94, 91], [94, 95]], "missing_branches": []}, "residuals": {"executed_lines": [108, 109, 110, 111, 112, 113, 114, 115, 116, 117, 121, 122, 123, 124], "summary": {"covered_lines": 14, "num_statements": 17, "percent_covered": 80.64516129032258, "percent_covered_display": "81", "missing_lines": 3, "excluded_lines": 0, "percent_statements_covered": 82.3529411764706, "percent_statements_covered_display": "82", "num_branches": 14, "num_partial_branches": 1, "covered_branches": 11, "missing_branches": 3, "percent_branches_covered": 78.57142857142857, "percent_branches_covered_display": "79"}, "missing_lines": [118, 119, 120], "excluded_lines": [], "start_line": 104, "executed_branches": [[110, 111], [110, 122], [111, 112], [111, 113], [113, 114], [113, 117], [114, 115], [114, 116], [117, 121], [122, 123], [122, 124]], "missing_branches": [[117, 118], [118, 119], [118, 120]]}, "": {"executed_lines": [26, 28, 30, 35, 44, 47, 50, 51, 52, 53, 54, 55, 58, 66, 86, 101, 104], "summary": {"covered_lines": 17, "num_statements": 17, "percent_covered": 100.0, "percent_covered_display": "100", "missing_lines": 0, "excluded_lines": 0, "percent_statements_covered": 100.0, "percent_statements_covered_display": "100", "num_branches": 0, "num_partial_branches": 0, "covered_branches": 0, "missing_branches": 0, "percent_branches_covered": 100.0, "percent_branches_covered_display": "100"}, "missing_lines": [], "excluded_lines": [], "start_line": 1, "executed_branches": [], "missing_branches": []}}, "classes": {"SegmentAction": {"executed_lines": [], "summary": {"covered_lines": 0, "num_statements": 0, "percent_covered": 100.0, "percent_covered_display": "100", "missing_lines": 0, "excluded_lines": 0, "percent_statements_covered": 100.0, "percent_statements_covered_display": "100", "num_branches": 0, "num_partial_branches": 0, "covered_branches": 0, "missing_branches": 0, "percent_branches_covered": 100.0, "percent_branches_covered_display": "100"}, "missing_lines": [], "excluded_lines": [], "start_line": 51, "executed_branches": [], "missing_branches": []}, "": {"executed_lines": [26, 28, 30, 35, 44, 47, 50, 51, 52, 53, 54, 55, 58, 66, 69, 70, 71, 72, 73, 74, 76, 78, 82, 83, 86, 89, 90, 91, 92, 93, 94, 95, 97, 101, 104, 108, 109, 110, 111, 112, 113, 114, 115, 116, 117, 121, 122, 123, 124], "summary": {"covered_lines": 49, "num_statements": 58, "percent_covered": 84.0909090909091, "percent_covered_display": "84", "missing_lines": 9, "excluded_lines": 0, "percent_statements_covered": 84.48275862068965, "percent_statements_covered_display": "84", "num_branches": 30, "num_partial_branches": 3, "covered_branches": 25, "missing_branches": 5, "percent_branches_covered": 83.33333333333333, "percent_branches_covered_display": "83"}, "missing_lines": [60, 61, 62, 63, 77, 79, 118, 119, 120], "excluded_lines": [], "start_line": 1, "executed_branches": [[70, 71], [70, 83], [71, 72], [71, 73], [73, 74], [73, 76], [76, 78], [78, 82], [91, 92], [91, 97], [92, 93], [92, 94], [94, 91], [94, 95], [110, 111], [110, 122], [111, 112], [111, 113], [113, 114], [113, 117], [114, 115], [114, 116], [117, 121], [122, 123], [122, 124]], "missing_branches": [[76, 77], [78, 79], [117, 118], [118, 119], [118, 120]]}}}, "src/scrub/formats/jpeg/f2.py": {"executed_lines": [33, 35, 36, 37, 39, 40, 46, 49, 50, 51, 55, 58, 61, 63, 64, 67, 68, 69, 70, 73, 78, 80, 84, 88, 91, 92, 93, 98, 103, 107, 108, 109, 112, 113, 114, 116, 117, 118, 119, 123, 124, 125, 126, 127], "summary": {"covered_lines": 44, "num_statements": 50, "percent_covered": 85.29411764705883, "percent_covered_display": "85", "missing_lines": 6, "excluded_lines": 0, "percent_statements_covered": 88.0, "percent_statements_covered_display": "88", "num_branches": 18, "num_partial_branches": 4, "covered_branches": 14, "missing_branches": 4, "percent_branches_covered": 77.77777777777777, "percent_branches_covered_display": "78"}, "missing_lines": [52, 85, 94, 110, 111, 115], "excluded_lines": [], "executed_branches": [[51, 55], [84, 88], [93, 98], [112, 113], [112, 125], [113, 114], [113, 117], [114, 116], [117, 118], [117, 119], [119, 123], [119, 124], [125, 126], [125, 127]], "missing_branches": [[51, 52], [84, 85], [93, 94], [114, 115]], "functions": {"_jpegtran": {"executed_lines": [50, 51, 55], "summary": {"covered_lines": 3, "num_statements": 4, "percent_covered": 66.66666666666667, "percent_covered_display": "67", "missing_lines": 1, "excluded_lines": 0, "percent_statements_covered": 75.0, "percent_statements_covered_display": "75", "num_branches": 2, "num_partial_branches": 1, "covered_branches": 1, "missing_branches": 1, "percent_branches_covered": 50.0, "percent_branches_covered_display": "50"}, "missing_lines": [52], "excluded_lines": [], "start_line": 49, "executed_branches": [[51, 55]], "missing_branches": [[51, 52]]}, "_decode_pixels": {"executed_lines": [61, 63, 64, 67, 68, 69, 70], "summary": {"covered_lines": 7, "num_statements": 7, "percent_covered": 100.0, "percent_covered_display": "100", "missing_lines": 0, "excluded_lines": 0, "percent_statements_covered": 100.0, "percent_statements_covered_display": "100", "num_branches": 0, "num_partial_branches": 0, "covered_branches": 0, "missing_branches": 0, "percent_branches_covered": 100.0, "percent_branches_covered_display": "100"}, "missing_lines": [], "excluded_lines": [], "start_line": 58, "executed_branches": [], "missing_branches": []}, "scrub": {"executed_lines": [78, 80, 84, 88, 91, 92, 93, 98], "summary": {"covered_lines": 8, "num_statements": 10, "percent_covered": 71.42857142857143, "percent_covered_display": "71", "missing_lines": 2, "excluded_lines": 0, "percent_statements_covered": 80.0, "percent_statements_covered_display": "80", "num_branches": 4, "num_partial_branches": 2, "covered_branches": 2, "missing_branches": 2, "percent_branches_covered": 50.0, "percent_branches_covered_display": "50"}, "missing_lines": [85, 94], "excluded_lines": [], "start_line": 73, "executed_branches": [[84, 88], [93, 98]], "missing_branches": [[84, 85], [93, 94]]}, "residuals": {"executed_lines": [107, 108, 109, 112, 113, 114, 116, 117, 118, 119, 123, 124, 125, 126, 127], "summary": {"covered_lines": 15, "num_statements": 18, "percent_covered": 86.66666666666667, "percent_covered_display": "87", "missing_lines": 3, "excluded_lines": 0, "percent_statements_covered": 83.33333333333333, "percent_statements_covered_display": "83", "num_branches": 12, "num_partial_branches": 1, "covered_branches": 11, "missing_branches": 1, "percent_branches_covered": 91.66666666666667, "percent_branches_covered_display": "92"}, "missing_lines": [110, 111, 115], "excluded_lines": [], "start_line": 103, "executed_branches": [[112, 113], [112, 125], [113, 114], [113, 117], [114, 116], [117, 118], [117, 119], [119, 123], [119, 124], [125, 126], [125, 127]], "missing_branches": [[114, 115]]}, "": {"executed_lines": [33, 35, 36, 37, 39, 40, 46, 49, 58, 73, 103], "summary": {"covered_lines": 11, "num_statements": 11, "percent_covered": 100.0, "percent_covered_display": "100", "missing_lines": 0, "excluded_lines": 0, "percent_statements_covered": 100.0, "percent_statements_covered_display": "100", "num_branches": 0, "num_partial_branches": 0, "covered_branches": 0, "missing_branches": 0, "percent_branches_covered": 100.0, "percent_branches_covered_display": "100"}, "missing_lines": [], "excluded_lines": [], "start_line": 1, "executed_branches": [], "missing_branches": []}}, "classes": {"": {"executed_lines": [33, 35, 36, 37, 39, 40, 46, 49, 50, 51, 55, 58, 61, 63, 64, 67, 68, 69, 70, 73, 78, 80, 84, 88, 91, 92, 93, 98, 103, 107, 108, 109, 112, 113, 114, 116, 117, 118, 119, 123, 124, 125, 126, 127], "summary": {"covered_lines": 44, "num_statements": 50, "percent_covered": 85.29411764705883, "percent_covered_display": "85", "missing_lines": 6, "excluded_lines": 0, "percent_statements_covered": 88.0, "percent_statements_covered_display": "88", "num_branches": 18, "num_partial_branches": 4, "covered_branches": 14, "missing_branches": 4, "percent_branches_covered": 77.77777777777777, "percent_branches_covered_display": "78"}, "missing_lines": [52, 85, 94, 110, 111, 115], "excluded_lines": [], "start_line": 1, "executed_branches": [[51, 55], [84, 88], [93, 98], [112, 113], [112, 125], [113, 114], [113, 117], [114, 116], [117, 118], [117, 119], [119, 123], [119, 124], [125, 126], [125, 127]], "missing_branches": [[51, 52], [84, 85], [93, 94], [114, 115]]}}}, "src/scrub/formats/jpeg/f3.py": {"executed_lines": [28, 30, 31, 33, 34, 36, 37, 40, 43, 47, 48, 49, 50, 51, 52, 55, 59, 61, 62, 65, 67, 69, 70, 73, 76, 77, 80, 81, 82, 83, 89, 93, 94, 95, 98, 99, 100, 101, 102, 103, 104, 105, 106], "summary": {"covered_lines": 43, "num_statements": 46, "percent_covered": 92.85714285714286, "percent_covered_display": "93", "missing_lines": 3, "excluded_lines": 2, "percent_statements_covered": 93.47826086956522, "percent_statements_covered_display": "93", "num_branches": 10, "num_partial_branches": 1, "covered_branches": 9, "missing_branches": 1, "percent_branches_covered": 90.0, "percent_branches_covered_display": "90"}, "missing_lines": [84, 96, 97], "excluded_lines": [78, 79], "executed_branches": [[83, -73], [98, 99], [98, 104], [99, 100], [99, 101], [101, 102], [101, 103], [104, 105], [104, 106]], "missing_branches": [[83, 84]], "functions": {"_open_rgb": {"executed_lines": [47, 48, 49, 50, 51, 52], "summary": {"covered_lines": 6, "num_statements": 6, "percent_covered": 100.0, "percent_covered_display": "100", "missing_lines": 0, "excluded_lines": 0, "percent_statements_covered": 100.0, "percent_statements_covered_display": "100", "num_branches": 0, "num_partial_branches": 0, "covered_branches": 0, "missing_branches": 0, "percent_branches_covered": 100.0, "percent_branches_covered_display": "100"}, "missing_lines": [], "excluded_lines": [], "start_line": 43, "executed_branches": [], "missing_branches": []}, "scrub": {"executed_lines": [59, 61, 62, 65, 67, 69, 70], "summary": {"covered_lines": 7, "num_statements": 7, "percent_covered": 100.0, "percent_covered_display": "100", "missing_lines": 0, "excluded_lines": 0, "percent_statements_covered": 100.0, "percent_statements_covered_display": "100", "num_branches": 0, "num_partial_branches": 0, "covered_branches": 0, "missing_branches": 0, "percent_branches_covered": 100.0, "percent_branches_covered_display": "100"}, "missing_lines": [], "excluded_lines": [], "start_line": 55, "executed_branches": [], "missing_branches": []}, "_check_perceptual": {"executed_lines": [76, 77, 80, 81, 82, 83], "summary": {"covered_lines": 6, "num_statements": 7, "percent_covered": 77.77777777777777, "percent_covered_display": "78", "missing_lines": 1, "excluded_lines": 2, "percent_statements_covered": 85.71428571428571, "percent_statements_covered_display": "86", "num_branches": 2, "num_partial_branches": 1, "covered_branches": 1, "missing_branches": 1, "percent_branches_covered": 50.0, "percent_branches_covered_display": "50"}, "missing_lines": [84], "excluded_lines": [78, 79], "start_line": 73, "executed_branches": [[83, -73]], "missing_branches": [[83, 84]]}, "residuals": {"executed_lines": [93, 94, 95, 98, 99, 100, 101, 102, 103, 104, 105, 106], "summary": {"covered_lines": 12, "num_statements": 14, "percent_covered": 90.9090909090909, "percent_covered_display": "91", "missing_lines": 2, "excluded_lines": 0, "percent_statements_covered": 85.71428571428571, "percent_statements_covered_display": "86", "num_branches": 8, "num_partial_branches": 0, "covered_branches": 8, "missing_branches": 0, "percent_branches_covered": 100.0, "percent_branches_covered_display": "100"}, "missing_lines": [96, 97], "excluded_lines": [], "start_line": 89, "executed_branches": [[98, 99], [98, 104], [99, 100], [99, 101], [101, 102], [101, 103], [104, 105], [104, 106]], "missing_branches": []}, "": {"executed_lines": [28, 30, 31, 33, 34, 36, 37, 40, 43, 55, 73, 89], "summary": {"covered_lines": 12, "num_statements": 12, "percent_covered": 100.0, "percent_covered_display": "100", "missing_lines": 0, "excluded_lines": 0, "percent_statements_covered": 100.0, "percent_statements_covered_display": "100", "num_branches": 0, "num_partial_branches": 0, "covered_branches": 0, "missing_branches": 0, "percent_branches_covered": 100.0, "percent_branches_covered_display": "100"}, "missing_lines": [], "excluded_lines": [], "start_line": 1, "executed_branches": [], "missing_branches": []}}, "classes": {"": {"executed_lines": [28, 30, 31, 33, 34, 36, 37, 40, 43, 47, 48, 49, 50, 51, 52, 55, 59, 61, 62, 65, 67, 69, 70, 73, 76, 77, 80, 81, 82, 83, 89, 93, 94, 95, 98, 99, 100, 101, 102, 103, 104, 105, 106], "summary": {"covered_lines": 43, "num_statements": 46, "percent_covered": 92.85714285714286, "percent_covered_display": "93", "missing_lines": 3, "excluded_lines": 2, "percent_statements_covered": 93.47826086956522, "percent_statements_covered_display": "93", "num_branches": 10, "num_partial_branches": 1, "covered_branches": 9, "missing_branches": 1, "percent_branches_covered": 90.0, "percent_branches_covered_display": "90"}, "missing_lines": [84, 96, 97], "excluded_lines": [78, 79], "start_line": 1, "executed_branches": [[83, -73], [98, 99], [98, 104], [99, 100], [99, 101], [101, 102], [101, 103], [104, 105], [104, 106]], "missing_branches": [[83, 84]]}}}, "src/scrub/formats/jpeg/handler.py": {"executed_lines": [7, 9, 10, 13, 16, 17, 18, 19, 21, 22, 24, 25, 27, 28, 30, 32, 33, 34, 35, 36, 37], "summary": {"covered_lines": 21, "num_statements": 22, "percent_covered": 92.85714285714286, "percent_covered_display": "93", "missing_lines": 1, "excluded_lines": 0, "percent_statements_covered": 95.45454545454545, "percent_statements_covered_display": "95", "num_branches": 6, "num_partial_branches": 1, "covered_branches": 5, "missing_branches": 1, "percent_branches_covered": 83.33333333333333, "percent_branches_covered_display": "83"}, "missing_lines": [38], "excluded_lines": [], "executed_branches": [[32, 33], [32, 34], [34, 35], [34, 36], [36, 37]], "missing_branches": [[36, 38]], "functions": {"JpegHandler.scrub_f1": {"executed_lines": [22], "summary": {"covered_lines": 1, "num_statements": 1, "percent_covered": 100.0, "percent_covered_display": "100", "missing_lines": 0, "excluded_lines": 0, "percent_statements_covered": 100.0, "percent_statements_covered_display": "100", "num_branches": 0, "num_partial_branches": 0, "covered_branches": 0, "missing_branches": 0, "percent_branches_covered": 100.0, "percent_branches_covered_display": "100"}, "missing_lines": [], "excluded_lines": [], "start_line": 21, "executed_branches": [], "missing_branches": []}, "JpegHandler.scrub_f2": {"executed_lines": [25], "summary": {"covered_lines": 1, "num_statements": 1, "percent_covered": 100.0, "percent_covered_display": "100", "missing_lines": 0, "excluded_lines": 0, "percent_statements_covered": 100.0, "percent_statements_covered_display": "100", "num_branches": 0, "num_partial_branches": 0, "covered_branches": 0, "missing_branches": 0, "percent_branches_covered": 100.0, "percent_branches_covered_display": "100"}, "missing_lines": [], "excluded_lines": [], "start_line": 24, "executed_branches": [], "missing_branches": []}, "JpegHandler.scrub_f3": {"executed_lines": [28], "summary": {"covered_lines": 1, "num_statements": 1, "percent_covered": 100.0, "percent_covered_display": "100", "missing_lines": 0, "excluded_lines": 0, "percent_statements_covered": 100.0, "percent_statements_covered_display": "100", "num_branches": 0, "num_partial_branches": 0, "covered_branches": 0, "missing_branches": 0, "percent_branches_covered": 100.0, "percent_branches_covered_display": "100"}, "missing_lines": [], "excluded_lines": [], "start_line": 27, "executed_branches": [], "missing_branches": []}, "JpegHandler.verify": {"executed_lines": [32, 33, 34, 35, 36, 37], "summary": {"covered_lines": 6, "num_statements": 7, "percent_covered": 84.61538461538461, "percent_covered_display": "85", "missing_lines": 1, "excluded_lines": 0, "percent_statements_covered": 85.71428571428571, "percent_statements_covered_display": "86", "num_branches": 6, "num_partial_branches": 1, "covered_branches": 5, "missing_branches": 1, "percent_branches_covered": 83.33333333333333, "percent_branches_covered_display": "83"}, "missing_lines": [38], "excluded_lines": [], "start_line": 30, "executed_branches": [[32, 33], [32, 34], [34, 35], [34, 36], [36, 37]], "missing_branches": [[36, 38]]}, "": {"executed_lines": [7, 9, 10, 13, 16, 17, 18, 19, 21, 24, 27, 30], "summary": {"covered_lines": 12, "num_statements": 12, "percent_covered": 100.0, "percent_covered_display": "100", "missing_lines": 0, "excluded_lines": 0, "percent_statements_covered": 100.0, "percent_statements_covered_display": "100", "num_branches": 0, "num_partial_branches": 0, "covered_branches": 0, "missing_branches": 0, "percent_branches_covered": 100.0, "percent_branches_covered_display": "100"}, "missing_lines": [], "excluded_lines": [], "start_line": 1, "executed_branches": [], "missing_branches": []}}, "classes": {"JpegHandler": {"executed_lines": [22, 25, 28, 32, 33, 34, 35, 36, 37], "summary": {"covered_lines": 9, "num_statements": 10, "percent_covered": 87.5, "percent_covered_display": "88", "missing_lines": 1, "excluded_lines": 0, "percent_statements_covered": 90.0, "percent_statements_covered_display": "90", "num_branches": 6, "num_partial_branches": 1, "covered_branches": 5, "missing_branches": 1, "percent_branches_covered": 83.33333333333333, "percent_branches_covered_display": "83"}, "missing_lines": [38], "excluded_lines": [], "start_line": 16, "executed_branches": [[32, 33], [32, 34], [34, 35], [34, 36], [36, 37]], "missing_branches": [[36, 38]]}, "": {"executed_lines": [7, 9, 10, 13, 16, 17, 18, 19, 21, 24, 27, 30], "summary": {"covered_lines": 12, "num_statements": 12, "percent_covered": 100.0, "percent_covered_display": "100", "missing_lines": 0, "excluded_lines": 0, "percent_statements_covered": 100.0, "percent_statements_covered_display": "100", "num_branches": 0, "num_partial_branches": 0, "covered_branches": 0, "missing_branches": 0, "percent_branches_covered": 100.0, "percent_branches_covered_display": "100"}, "missing_lines": [], "excluded_lines": [], "start_line": 1, "executed_branches": [], "missing_branches": []}}}, "src/scrub/formats/jpeg/segments.py": {"executed_lines": [19, 21, 23, 24, 27, 28, 29, 30, 31, 32, 33, 34, 35, 36, 37, 39, 40, 42, 45, 48, 49, 50, 51, 52, 55, 56, 58, 59, 60, 62, 63, 64, 67, 68, 69, 70, 71, 73, 74, 76, 77, 80, 81, 83, 85, 86, 87, 88, 89, 90, 91, 93, 95, 96, 97, 98, 99, 100, 101, 102, 103, 106, 107, 108, 109, 110, 111, 112, 113, 114, 115, 116, 117, 118, 119, 120, 121, 126, 129, 130, 133, 135, 138, 142, 143, 144, 145, 146, 147, 148, 150, 151, 152, 153, 154, 155, 156, 157, 161, 165, 166, 167, 169, 170, 172, 173, 174, 176, 177, 178, 179, 183, 190, 192, 193, 195, 196, 197, 198, 201, 203, 204, 205, 207, 208, 209, 211, 213, 215], "summary": {"covered_lines": 129, "num_statements": 146, "percent_covered": 84.0909090909091, "percent_covered_display": "84", "missing_lines": 17, "excluded_lines": 0, "percent_statements_covered": 88.35616438356165, "percent_statements_covered_display": "88", "num_branches": 74, "num_partial_branches": 16, "covered_branches": 56, "missing_branches": 18, "percent_branches_covered": 75.67567567567568, "percent_branches_covered_display": "76"}, "missing_lines": [82, 84, 92, 94, 104, 105, 122, 123, 131, 134, 149, 158, 185, 186, 187, 191, 194], "excluded_lines": [], "executed_branches": [[81, 83], [83, 85], [85, 86], [85, 87], [87, 88], [87, 89], [89, 90], [89, 91], [91, 93], [93, 95], [95, 96], [95, 97], [97, 98], [97, 99], [99, 100], [101, 102], [101, 106], [102, 103], [106, 107], [106, 113], [107, 108], [107, 109], [109, 110], [109, 111], [111, 112], [113, 114], [113, 118], [114, 115], [114, 116], [116, 117], [118, 119], [118, 120], [120, 121], [130, 133], [133, 135], [144, 145], [145, 146], [145, 148], [148, 150], [151, 152], [151, 154], [154, 155], [154, 157], [166, 167], [166, 169], [172, 173], [172, 215], [176, 177], [176, 183], [183, 190], [190, 192], [193, 195], [197, 198], [197, 201], [203, 204], [203, 211]], "missing_branches": [[81, 82], [83, 84], [91, 92], [93, 94], [99, 123], [102, 104], [104, 105], [104, 106], [111, 113], [116, 118], [120, 122], [130, 131], [133, 134], [144, 158], [148, 149], [183, 185], [190, 191], [193, 194]], "functions": {"Segment.end": {"executed_lines": [60], "summary": {"covered_lines": 1, "num_statements": 1, "percent_covered": 100.0, "percent_covered_display": "100", "missing_lines": 0, "excluded_lines": 0, "percent_statements_covered": 100.0, "percent_statements_covered_display": "100", "num_branches": 0, "num_partial_branches": 0, "covered_branches": 0, "missing_branches": 0, "percent_branches_covered": 100.0, "percent_branches_covered_display": "100"}, "missing_lines": [], "excluded_lines": [], "start_line": 59, "executed_branches": [], "missing_branches": []}, "Segment.is_content": {"executed_lines": [64], "summary": {"covered_lines": 1, "num_statements": 1, "percent_covered": 100.0, "percent_covered_display": "100", "missing_lines": 0, "excluded_lines": 0, "percent_statements_covered": 100.0, "percent_statements_covered_display": "100", "num_branches": 0, "num_partial_branches": 0, "covered_branches": 0, "missing_branches": 0, "percent_branches_covered": 100.0, "percent_branches_covered_display": "100"}, "missing_lines": [], "excluded_lines": [], "start_line": 63, "executed_branches": [], "missing_branches": []}, "JpegStructure.by_kind": {"executed_lines": [74], "summary": {"covered_lines": 1, "num_statements": 1, "percent_covered": 100.0, "percent_covered_display": "100", "missing_lines": 0, "excluded_lines": 0, "percent_statements_covered": 100.0, "percent_statements_covered_display": "100", "num_branches": 0, "num_partial_branches": 0, "covered_branches": 0, "missing_branches": 0, "percent_branches_covered": 100.0, "percent_branches_covered_display": "100"}, "missing_lines": [], "excluded_lines": [], "start_line": 73, "executed_branches": [], "missing_branches": []}, "JpegStructure.markers": {"executed_lines": [77], "summary": {"covered_lines": 1, "num_statements": 1, "percent_covered": 100.0, "percent_covered_display": "100", "missing_lines": 0, "excluded_lines": 0, "percent_statements_covered": 100.0, "percent_statements_covered_display": "100", "num_branches": 0, "num_partial_branches": 0, "covered_branches": 0, "missing_branches": 0, "percent_branches_covered": 100.0, "percent_branches_covered_display": "100"}, "missing_lines": [], "excluded_lines": [], "start_line": 76, "executed_branches": [], "missing_branches": []}, "_classify": {"executed_lines": [81, 83, 85, 86, 87, 88, 89, 90, 91, 93, 95, 96, 97, 98, 99, 100, 101, 102, 103, 106, 107, 108, 109, 110, 111, 112, 113, 114, 115, 116, 117, 118, 119, 120, 121], "summary": {"covered_lines": 35, "num_statements": 43, "percent_covered": 78.16091954022988, "percent_covered_display": "78", "missing_lines": 8, "excluded_lines": 0, "percent_statements_covered": 81.3953488372093, "percent_statements_covered_display": "81", "num_branches": 44, "num_partial_branches": 9, "covered_branches": 33, "missing_branches": 11, "percent_branches_covered": 75.0, "percent_branches_covered_display": "75"}, "missing_lines": [82, 84, 92, 94, 104, 105, 122, 123], "excluded_lines": [], "start_line": 80, "executed_branches": [[81, 83], [83, 85], [85, 86], [85, 87], [87, 88], [87, 89], [89, 90], [89, 91], [91, 93], [93, 95], [95, 96], [95, 97], [97, 98], [97, 99], [99, 100], [101, 102], [101, 106], [102, 103], [106, 107], [106, 113], [107, 108], [107, 109], [109, 110], [109, 111], [111, 112], [113, 114], [113, 118], [114, 115], [114, 116], [116, 117], [118, 119], [118, 120], [120, 121]], "missing_branches": [[81, 82], [83, 84], [91, 92], [93, 94], [99, 123], [102, 104], [104, 105], [104, 106], [111, 113], [116, 118], [120, 122]]}, "_next_marker": {"executed_lines": [129, 130, 133, 135], "summary": {"covered_lines": 4, "num_statements": 6, "percent_covered": 60.0, "percent_covered_display": "60", "missing_lines": 2, "excluded_lines": 0, "percent_statements_covered": 66.66666666666667, "percent_statements_covered_display": "67", "num_branches": 4, "num_partial_branches": 2, "covered_branches": 2, "missing_branches": 2, "percent_branches_covered": 50.0, "percent_branches_covered_display": "50"}, "missing_lines": [131, 134], "excluded_lines": [], "start_line": 126, "executed_branches": [[130, 133], [133, 135]], "missing_branches": [[130, 131], [133, 134]]}, "_scan_entropy": {"executed_lines": [142, 143, 144, 145, 146, 147, 148, 150, 151, 152, 153, 154, 155, 156, 157], "summary": {"covered_lines": 15, "num_statements": 17, "percent_covered": 85.18518518518519, "percent_covered_display": "85", "missing_lines": 2, "excluded_lines": 0, "percent_statements_covered": 88.23529411764706, "percent_statements_covered_display": "88", "num_branches": 10, "num_partial_branches": 2, "covered_branches": 8, "missing_branches": 2, "percent_branches_covered": 80.0, "percent_branches_covered_display": "80"}, "missing_lines": [149, 158], "excluded_lines": [], "start_line": 138, "executed_branches": [[144, 145], [145, 146], [145, 148], [148, 150], [151, 152], [151, 154], [154, 155], [154, 157]], "missing_branches": [[144, 158], [148, 149]]}, "walk": {"executed_lines": [165, 166, 167, 169, 170, 172, 173, 174, 176, 177, 178, 179, 183, 190, 192, 193, 195, 196, 197, 198, 201, 203, 204, 205, 207, 208, 209, 211, 213, 215], "summary": {"covered_lines": 30, "num_statements": 35, "percent_covered": 84.31372549019608, "percent_covered_display": "84", "missing_lines": 5, "excluded_lines": 0, "percent_statements_covered": 85.71428571428571, "percent_statements_covered_display": "86", "num_branches": 16, "num_partial_branches": 3, "covered_branches": 13, "missing_branches": 3, "percent_branches_covered": 81.25, "percent_branches_covered_display": "81"}, "missing_lines": [185, 186, 187, 191, 194], "excluded_lines": [], "start_line": 161, "executed_branches": [[166, 167], [166, 169], [172, 173], [172, 215], [176, 177], [176, 183], [183, 190], [190, 192], [193, 195], [197, 198], [197, 201], [203, 204], [203, 211]], "missing_branches": [[183, 185], [190, 191], [193, 194]]}, "": {"executed_lines": [19, 21, 23, 24, 27, 28, 29, 30, 31, 32, 33, 34, 35, 36, 37, 39, 40, 42, 45, 48, 49, 50, 51, 52, 55, 56, 58, 59, 62, 63, 67, 68, 69, 70, 71, 73, 76, 80, 126, 138, 161], "summary": {"covered_lines": 41, "num_statements": 41, "percent_covered": 100.0, "percent_covered_display": "100", "missing_lines": 0, "excluded_lines": 0, "percent_statements_covered": 100.0, "percent_statements_covered_display": "100", "num_branches": 0, "num_partial_branches": 0, "covered_branches": 0, "missing_branches": 0, "percent_branches_covered": 100.0, "percent_branches_covered_display": "100"}, "missing_lines": [], "excluded_lines": [], "start_line": 1, "executed_branches": [], "missing_branches": []}}, "classes": {"Segment": {"executed_lines": [60, 64], "summary": {"covered_lines": 2, "num_statements": 2, "percent_covered": 100.0, "percent_covered_display": "100", "missing_lines": 0, "excluded_lines": 0, "percent_statements_covered": 100.0, "percent_statements_covered_display": "100", "num_branches": 0, "num_partial_branches": 0, "covered_branches": 0, "missing_branches": 0, "percent_branches_covered": 100.0, "percent_branches_covered_display": "100"}, "missing_lines": [], "excluded_lines": [], "start_line": 49, "executed_branches": [], "missing_branches": []}, "JpegStructure": {"executed_lines": [74, 77], "summary": {"covered_lines": 2, "num_statements": 2, "percent_covered": 100.0, "percent_covered_display": "100", "missing_lines": 0, "excluded_lines": 0, "percent_statements_covered": 100.0, "percent_statements_covered_display": "100", "num_branches": 0, "num_partial_branches": 0, "covered_branches": 0, "missing_branches": 0, "percent_branches_covered": 100.0, "percent_branches_covered_display": "100"}, "missing_lines": [], "excluded_lines": [], "start_line": 68, "executed_branches": [], "missing_branches": []}, "": {"executed_lines": [19, 21, 23, 24, 27, 28, 29, 30, 31, 32, 33, 34, 35, 36, 37, 39, 40, 42, 45, 48, 49, 50, 51, 52, 55, 56, 58, 59, 62, 63, 67, 68, 69, 70, 71, 73, 76, 80, 81, 83, 85, 86, 87, 88, 89, 90, 91, 93, 95, 96, 97, 98, 99, 100, 101, 102, 103, 106, 107, 108, 109, 110, 111, 112, 113, 114, 115, 116, 117, 118, 119, 120, 121, 126, 129, 130, 133, 135, 138, 142, 143, 144, 145, 146, 147, 148, 150, 151, 152, 153, 154, 155, 156, 157, 161, 165, 166, 167, 169, 170, 172, 173, 174, 176, 177, 178, 179, 183, 190, 192, 193, 195, 196, 197, 198, 201, 203, 204, 205, 207, 208, 209, 211, 213, 215], "summary": {"covered_lines": 125, "num_statements": 142, "percent_covered": 83.79629629629629, "percent_covered_display": "84", "missing_lines": 17, "excluded_lines": 0, "percent_statements_covered": 88.02816901408451, "percent_statements_covered_display": "88", "num_branches": 74, "num_partial_branches": 16, "covered_branches": 56, "missing_branches": 18, "percent_branches_covered": 75.67567567567568, "percent_branches_covered_display": "76"}, "missing_lines": [82, 84, 92, 94, 104, 105, 122, 123, 131, 134, 149, 158, 185, 186, 187, 191, 194], "excluded_lines": [], "start_line": 1, "executed_branches": [[81, 83], [83, 85], [85, 86], [85, 87], [87, 88], [87, 89], [89, 90], [89, 91], [91, 93], [93, 95], [95, 96], [95, 97], [97, 98], [97, 99], [99, 100], [101, 102], [101, 106], [102, 103], [106, 107], [106, 113], [107, 108], [107, 109], [109, 110], [109, 111], [111, 112], [113, 114], [113, 118], [114, 115], [114, 116], [116, 117], [118, 119], [118, 120], [120, 121], [130, 133], [133, 135], [144, 145], [145, 146], [145, 148], [148, 150], [151, 152], [151, 154], [154, 155], [154, 157], [166, 167], [166, 169], [172, 173], [172, 215], [176, 177], [176, 183], [183, 190], [190, 192], [193, 195], [197, 198], [197, 201], [203, 204], [203, 211]], "missing_branches": [[81, 82], [83, 84], [91, 92], [93, 94], [99, 123], [102, 104], [104, 105], [104, 106], [111, 113], [116, 118], [120, 122], [130, 131], [133, 134], [144, 158], [148, 149], [183, 185], [190, 191], [193, 194]]}}}, "src/scrub/formats/mp3/__init__.py": {"executed_lines": [], "summary": {"covered_lines": 0, "num_statements": 0, "percent_covered": 100.0, "percent_covered_display": "100", "missing_lines": 0, "excluded_lines": 0, "percent_statements_covered": 100.0, "percent_statements_covered_display": "100", "num_branches": 0, "num_partial_branches": 0, "covered_branches": 0, "missing_branches": 0, "percent_branches_covered": 100.0, "percent_branches_covered_display": "100"}, "missing_lines": [], "excluded_lines": [], "executed_branches": [], "missing_branches": [], "functions": {"": {"executed_lines": [], "summary": {"covered_lines": 0, "num_statements": 0, "percent_covered": 100.0, "percent_covered_display": "100", "missing_lines": 0, "excluded_lines": 0, "percent_statements_covered": 100.0, "percent_statements_covered_display": "100", "num_branches": 0, "num_partial_branches": 0, "covered_branches": 0, "missing_branches": 0, "percent_branches_covered": 100.0, "percent_branches_covered_display": "100"}, "missing_lines": [], "excluded_lines": [], "start_line": 1, "executed_branches": [], "missing_branches": []}}, "classes": {"": {"executed_lines": [], "summary": {"covered_lines": 0, "num_statements": 0, "percent_covered": 100.0, "percent_covered_display": "100", "missing_lines": 0, "excluded_lines": 0, "percent_statements_covered": 100.0, "percent_statements_covered_display": "100", "num_branches": 0, "num_partial_branches": 0, "covered_branches": 0, "missing_branches": 0, "percent_branches_covered": 100.0, "percent_branches_covered_display": "100"}, "missing_lines": [], "excluded_lines": [], "start_line": 1, "executed_branches": [], "missing_branches": []}}}, "src/scrub/formats/mp3/f1.py": {"executed_lines": [18, 20, 23, 26, 27, 30, 34, 35, 36, 37, 38, 39, 40, 41, 43, 44, 45, 46, 47, 48], "summary": {"covered_lines": 20, "num_statements": 20, "percent_covered": 100.0, "percent_covered_display": "100", "missing_lines": 0, "excluded_lines": 0, "percent_statements_covered": 100.0, "percent_statements_covered_display": "100", "num_branches": 12, "num_partial_branches": 0, "covered_branches": 12, "missing_branches": 0, "percent_branches_covered": 100.0, "percent_branches_covered_display": "100"}, "missing_lines": [], "excluded_lines": [], "executed_branches": [[36, 37], [36, 38], [38, 39], [38, 40], [40, 41], [40, 43], [43, 44], [43, 46], [44, 43], [44, 45], [46, 47], [46, 48]], "missing_branches": [], "functions": {"scrub": {"executed_lines": [26, 27], "summary": {"covered_lines": 2, "num_statements": 2, "percent_covered": 100.0, "percent_covered_display": "100", "missing_lines": 0, "excluded_lines": 0, "percent_statements_covered": 100.0, "percent_statements_covered_display": "100", "num_branches": 0, "num_partial_branches": 0, "covered_branches": 0, "missing_branches": 0, "percent_branches_covered": 100.0, "percent_branches_covered_display": "100"}, "missing_lines": [], "excluded_lines": [], "start_line": 23, "executed_branches": [], "missing_branches": []}, "residuals": {"executed_lines": [34, 35, 36, 37, 38, 39, 40, 41, 43, 44, 45, 46, 47, 48], "summary": {"covered_lines": 14, "num_statements": 14, "percent_covered": 100.0, "percent_covered_display": "100", "missing_lines": 0, "excluded_lines": 0, "percent_statements_covered": 100.0, "percent_statements_covered_display": "100", "num_branches": 12, "num_partial_branches": 0, "covered_branches": 12, "missing_branches": 0, "percent_branches_covered": 100.0, "percent_branches_covered_display": "100"}, "missing_lines": [], "excluded_lines": [], "start_line": 30, "executed_branches": [[36, 37], [36, 38], [38, 39], [38, 40], [40, 41], [40, 43], [43, 44], [43, 46], [44, 43], [44, 45], [46, 47], [46, 48]], "missing_branches": []}, "": {"executed_lines": [18, 20, 23, 30], "summary": {"covered_lines": 4, "num_statements": 4, "percent_covered": 100.0, "percent_covered_display": "100", "missing_lines": 0, "excluded_lines": 0, "percent_statements_covered": 100.0, "percent_statements_covered_display": "100", "num_branches": 0, "num_partial_branches": 0, "covered_branches": 0, "missing_branches": 0, "percent_branches_covered": 100.0, "percent_branches_covered_display": "100"}, "missing_lines": [], "excluded_lines": [], "start_line": 1, "executed_branches": [], "missing_branches": []}}, "classes": {"": {"executed_lines": [18, 20, 23, 26, 27, 30, 34, 35, 36, 37, 38, 39, 40, 41, 43, 44, 45, 46, 47, 48], "summary": {"covered_lines": 20, "num_statements": 20, "percent_covered": 100.0, "percent_covered_display": "100", "missing_lines": 0, "excluded_lines": 0, "percent_statements_covered": 100.0, "percent_statements_covered_display": "100", "num_branches": 12, "num_partial_branches": 0, "covered_branches": 12, "missing_branches": 0, "percent_branches_covered": 100.0, "percent_branches_covered_display": "100"}, "missing_lines": [], "excluded_lines": [], "start_line": 1, "executed_branches": [[36, 37], [36, 38], [38, 39], [38, 40], [40, 41], [40, 43], [43, 44], [43, 46], [44, 43], [44, 45], [46, 47], [46, 48]], "missing_branches": []}}}, "src/scrub/formats/mp3/f3.py": {"executed_lines": [23, 25, 26, 27, 28, 30, 31, 32, 34, 35, 38, 47, 48, 51, 52, 53, 57, 60, 63, 64, 66, 67, 68, 69, 70, 71, 72, 73, 75, 78, 81, 84, 85, 89, 90, 91, 94, 96, 97, 100, 103, 106, 107, 108, 110, 111, 112, 113, 115, 116, 117, 119, 120, 121, 123, 124, 125, 128, 131, 132, 134, 135, 136, 137, 140, 151, 154, 156, 157, 159, 160, 165, 168], "summary": {"covered_lines": 73, "num_statements": 80, "percent_covered": 86.0, "percent_covered_display": "86", "missing_lines": 7, "excluded_lines": 0, "percent_statements_covered": 91.25, "percent_statements_covered_display": "91", "num_branches": 20, "num_partial_branches": 7, "covered_branches": 13, "missing_branches": 7, "percent_branches_covered": 65.0, "percent_branches_covered_display": "65"}, "missing_lines": [54, 76, 82, 109, 118, 122, 133], "excluded_lines": [], "executed_branches": [[53, 57], [75, 78], [81, 84], [108, 110], [111, 112], [111, 125], [112, 113], [112, 115], [117, 119], [121, 123], [132, 134], [159, -154], [159, 160]], "missing_branches": [[53, 54], [75, 76], [81, 82], [108, 109], [117, 118], [121, 122], [132, 133]], "functions": {"_tool": {"executed_lines": [52, 53, 57], "summary": {"covered_lines": 3, "num_statements": 4, "percent_covered": 66.66666666666667, "percent_covered_display": "67", "missing_lines": 1, "excluded_lines": 0, "percent_statements_covered": 75.0, "percent_statements_covered_display": "75", "num_branches": 2, "num_partial_branches": 1, "covered_branches": 1, "missing_branches": 1, "percent_branches_covered": 50.0, "percent_branches_covered_display": "50"}, "missing_lines": [54], "excluded_lines": [], "start_line": 51, "executed_branches": [[53, 57]], "missing_branches": [[53, 54]]}, "scrub": {"executed_lines": [63, 64, 66, 67, 68, 69, 70, 71, 72, 73, 75, 78, 81, 84, 85, 89, 90, 91], "summary": {"covered_lines": 18, "num_statements": 20, "percent_covered": 83.33333333333333, "percent_covered_display": "83", "missing_lines": 2, "excluded_lines": 0, "percent_statements_covered": 90.0, "percent_statements_covered_display": "90", "num_branches": 4, "num_partial_branches": 2, "covered_branches": 2, "missing_branches": 2, "percent_branches_covered": 50.0, "percent_branches_covered_display": "50"}, "missing_lines": [76, 82], "excluded_lines": [], "start_line": 60, "executed_branches": [[75, 78], [81, 84]], "missing_branches": [[75, 76], [81, 82]]}, "_pcm_mono": {"executed_lines": [96, 97, 100], "summary": {"covered_lines": 3, "num_statements": 3, "percent_covered": 100.0, "percent_covered_display": "100", "missing_lines": 0, "excluded_lines": 0, "percent_statements_covered": 100.0, "percent_statements_covered_display": "100", "num_branches": 0, "num_partial_branches": 0, "covered_branches": 0, "missing_branches": 0, "percent_branches_covered": 100.0, "percent_branches_covered_display": "100"}, "missing_lines": [], "excluded_lines": [], "start_line": 94, "executed_branches": [], "missing_branches": []}, "_best_ncc": {"executed_lines": [106, 107, 108, 110, 111, 112, 113, 115, 116, 117, 119, 120, 121, 123, 124, 125], "summary": {"covered_lines": 16, "num_statements": 19, "percent_covered": 79.3103448275862, "percent_covered_display": "79", "missing_lines": 3, "excluded_lines": 0, "percent_statements_covered": 84.21052631578948, "percent_statements_covered_display": "84", "num_branches": 10, "num_partial_branches": 3, "covered_branches": 7, "missing_branches": 3, "percent_branches_covered": 70.0, "percent_branches_covered_display": "70"}, "missing_lines": [109, 118, 122], "excluded_lines": [], "start_line": 103, "executed_branches": [[108, 110], [111, 112], [111, 125], [112, 113], [112, 115], [117, 119], [121, 123]], "missing_branches": [[108, 109], [117, 118], [121, 122]]}, "_bandlimit": {"executed_lines": [131, 132, 134, 135, 136, 137], "summary": {"covered_lines": 6, "num_statements": 7, "percent_covered": 77.77777777777777, "percent_covered_display": "78", "missing_lines": 1, "excluded_lines": 0, "percent_statements_covered": 85.71428571428571, "percent_statements_covered_display": "86", "num_branches": 2, "num_partial_branches": 1, "covered_branches": 1, "missing_branches": 1, "percent_branches_covered": 50.0, "percent_branches_covered_display": "50"}, "missing_lines": [133], "excluded_lines": [], "start_line": 128, "executed_branches": [[132, 134]], "missing_branches": [[132, 133]]}, "_gate_band": {"executed_lines": [151], "summary": {"covered_lines": 1, "num_statements": 1, "percent_covered": 100.0, "percent_covered_display": "100", "missing_lines": 0, "excluded_lines": 0, "percent_statements_covered": 100.0, "percent_statements_covered_display": "100", "num_branches": 0, "num_partial_branches": 0, "covered_branches": 0, "missing_branches": 0, "percent_branches_covered": 100.0, "percent_branches_covered_display": "100"}, "missing_lines": [], "excluded_lines": [], "start_line": 140, "executed_branches": [], "missing_branches": []}, "_check_perceptual": {"executed_lines": [156, 157, 159, 160], "summary": {"covered_lines": 4, "num_statements": 4, "percent_covered": 100.0, "percent_covered_display": "100", "missing_lines": 0, "excluded_lines": 0, "percent_statements_covered": 100.0, "percent_statements_covered_display": "100", "num_branches": 2, "num_partial_branches": 0, "covered_branches": 2, "missing_branches": 0, "percent_branches_covered": 100.0, "percent_branches_covered_display": "100"}, "missing_lines": [], "excluded_lines": [], "start_line": 154, "executed_branches": [[159, -154], [159, 160]], "missing_branches": []}, "residuals": {"executed_lines": [168], "summary": {"covered_lines": 1, "num_statements": 1, "percent_covered": 100.0, "percent_covered_display": "100", "missing_lines": 0, "excluded_lines": 0, "percent_statements_covered": 100.0, "percent_statements_covered_display": "100", "num_branches": 0, "num_partial_branches": 0, "covered_branches": 0, "missing_branches": 0, "percent_branches_covered": 100.0, "percent_branches_covered_display": "100"}, "missing_lines": [], "excluded_lines": [], "start_line": 165, "executed_branches": [], "missing_branches": []}, "": {"executed_lines": [23, 25, 26, 27, 28, 30, 31, 32, 34, 35, 38, 47, 48, 51, 60, 94, 103, 128, 140, 154, 165], "summary": {"covered_lines": 21, "num_statements": 21, "percent_covered": 100.0, "percent_covered_display": "100", "missing_lines": 0, "excluded_lines": 0, "percent_statements_covered": 100.0, "percent_statements_covered_display": "100", "num_branches": 0, "num_partial_branches": 0, "covered_branches": 0, "missing_branches": 0, "percent_branches_covered": 100.0, "percent_branches_covered_display": "100"}, "missing_lines": [], "excluded_lines": [], "start_line": 1, "executed_branches": [], "missing_branches": []}}, "classes": {"": {"executed_lines": [23, 25, 26, 27, 28, 30, 31, 32, 34, 35, 38, 47, 48, 51, 52, 53, 57, 60, 63, 64, 66, 67, 68, 69, 70, 71, 72, 73, 75, 78, 81, 84, 85, 89, 90, 91, 94, 96, 97, 100, 103, 106, 107, 108, 110, 111, 112, 113, 115, 116, 117, 119, 120, 121, 123, 124, 125, 128, 131, 132, 134, 135, 136, 137, 140, 151, 154, 156, 157, 159, 160, 165, 168], "summary": {"covered_lines": 73, "num_statements": 80, "percent_covered": 86.0, "percent_covered_display": "86", "missing_lines": 7, "excluded_lines": 0, "percent_statements_covered": 91.25, "percent_statements_covered_display": "91", "num_branches": 20, "num_partial_branches": 7, "covered_branches": 13, "missing_branches": 7, "percent_branches_covered": 65.0, "percent_branches_covered_display": "65"}, "missing_lines": [54, 76, 82, 109, 118, 122, 133], "excluded_lines": [], "start_line": 1, "executed_branches": [[53, 57], [75, 78], [81, 84], [108, 110], [111, 112], [111, 125], [112, 113], [112, 115], [117, 119], [121, 123], [132, 134], [159, -154], [159, 160]], "missing_branches": [[53, 54], [75, 76], [81, 82], [108, 109], [117, 118], [121, 122], [132, 133]]}}}, "src/scrub/formats/mp3/handler.py": {"executed_lines": [9, 11, 12, 13, 16, 17, 19, 20, 22, 23, 24, 26, 28, 29, 31, 36, 37, 39, 40, 41, 42, 43], "summary": {"covered_lines": 22, "num_statements": 24, "percent_covered": 90.0, "percent_covered_display": "90", "missing_lines": 2, "excluded_lines": 0, "percent_statements_covered": 91.66666666666667, "percent_statements_covered_display": "92", "num_branches": 6, "num_partial_branches": 1, "covered_branches": 5, "missing_branches": 1, "percent_branches_covered": 83.33333333333333, "percent_branches_covered_display": "83"}, "missing_lines": [32, 44], "excluded_lines": [], "executed_branches": [[23, 24], [23, 26], [40, 41], [40, 42], [42, 43]], "missing_branches": [[42, 44]], "functions": {"Mp3Handler.matches": {"executed_lines": [23, 24, 26], "summary": {"covered_lines": 3, "num_statements": 3, "percent_covered": 100.0, "percent_covered_display": "100", "missing_lines": 0, "excluded_lines": 0, "percent_statements_covered": 100.0, "percent_statements_covered_display": "100", "num_branches": 2, "num_partial_branches": 0, "covered_branches": 2, "missing_branches": 0, "percent_branches_covered": 100.0, "percent_branches_covered_display": "100"}, "missing_lines": [], "excluded_lines": [], "start_line": 22, "executed_branches": [[23, 24], [23, 26]], "missing_branches": []}, "Mp3Handler.scrub_f1": {"executed_lines": [29], "summary": {"covered_lines": 1, "num_statements": 1, "percent_covered": 100.0, "percent_covered_display": "100", "missing_lines": 0, "excluded_lines": 0, "percent_statements_covered": 100.0, "percent_statements_covered_display": "100", "num_branches": 0, "num_partial_branches": 0, "covered_branches": 0, "missing_branches": 0, "percent_branches_covered": 100.0, "percent_branches_covered_display": "100"}, "missing_lines": [], "excluded_lines": [], "start_line": 28, "executed_branches": [], "missing_branches": []}, "Mp3Handler.scrub_f2": {"executed_lines": [], "summary": {"covered_lines": 0, "num_statements": 1, "percent_covered": 0.0, "percent_covered_display": "0", "missing_lines": 1, "excluded_lines": 0, "percent_statements_covered": 0.0, "percent_statements_covered_display": "0", "num_branches": 0, "num_partial_branches": 0, "covered_branches": 0, "missing_branches": 0, "percent_branches_covered": 100.0, "percent_branches_covered_display": "100"}, "missing_lines": [32], "excluded_lines": [], "start_line": 31, "executed_branches": [], "missing_branches": []}, "Mp3Handler.scrub_f3": {"executed_lines": [37], "summary": {"covered_lines": 1, "num_statements": 1, "percent_covered": 100.0, "percent_covered_display": "100", "missing_lines": 0, "excluded_lines": 0, "percent_statements_covered": 100.0, "percent_statements_covered_display": "100", "num_branches": 0, "num_partial_branches": 0, "covered_branches": 0, "missing_branches": 0, "percent_branches_covered": 100.0, "percent_branches_covered_display": "100"}, "missing_lines": [], "excluded_lines": [], "start_line": 36, "executed_branches": [], "missing_branches": []}, "Mp3Handler.verify": {"executed_lines": [40, 41, 42, 43], "summary": {"covered_lines": 4, "num_statements": 5, "percent_covered": 77.77777777777777, "percent_covered_display": "78", "missing_lines": 1, "excluded_lines": 0, "percent_statements_covered": 80.0, "percent_statements_covered_display": "80", "num_branches": 4, "num_partial_branches": 1, "covered_branches": 3, "missing_branches": 1, "percent_branches_covered": 75.0, "percent_branches_covered_display": "75"}, "missing_lines": [44], "excluded_lines": [], "start_line": 39, "executed_branches": [[40, 41], [40, 42], [42, 43]], "missing_branches": [[42, 44]]}, "": {"executed_lines": [9, 11, 12, 13, 16, 17, 19, 20, 22, 28, 31, 36, 39], "summary": {"covered_lines": 13, "num_statements": 13, "percent_covered": 100.0, "percent_covered_display": "100", "missing_lines": 0, "excluded_lines": 0, "percent_statements_covered": 100.0, "percent_statements_covered_display": "100", "num_branches": 0, "num_partial_branches": 0, "covered_branches
[...]
 "percent_branches_covered": 68.0, "percent_branches_covered_display": "68"}, "missing_lines": [125, 128, 135, 143, 146, 149, 163, 199, 200, 201, 202, 205, 206, 207, 208, 209, 219, 224, 225, 226, 227, 228, 262], "excluded_lines": [], "executed_branches": [[124, 126], [127, 129], [129, 130], [129, 132], [134, 136], [142, 144], [145, 147], [148, 151], [152, 153], [152, 168], [161, 166], [176, 178], [176, 181], [179, 180], [193, -192], [193, 194], [195, 196], [195, 197], [198, 203], [216, 217], [216, 238], [217, 218], [217, 222], [218, 220], [233, 234], [233, 235], [247, 248], [247, 254], [250, 247], [250, 251], [251, 250], [251, 252], [254, 255], [254, 256]], "missing_branches": [[124, 125], [127, 128], [134, 135], [142, 143], [145, 146], [148, 149], [161, 163], [179, 181], [198, 199], [199, 200], [199, 201], [206, 207], [206, 208], [218, 219], [225, 226], [225, 227]], "functions": {"has_exif_prefix": {"executed_lines": [115], "summary": {"covered_lines": 1, "num_statements": 1, "percent_covered": 100.0, "percent_covered_display": "100", "missing_lines": 0, "excluded_lines": 0, "percent_statements_covered": 100.0, "percent_statements_covered_display": "100", "num_branches": 0, "num_partial_branches": 0, "covered_branches": 0, "missing_branches": 0, "percent_branches_covered": 100.0, "percent_branches_covered_display": "100"}, "missing_lines": [], "excluded_lines": [], "start_line": 114, "executed_branches": [], "missing_branches": []}, "strip_exif_prefix": {"executed_lines": [120], "summary": {"covered_lines": 1, "num_statements": 1, "percent_covered": 100.0, "percent_covered_display": "100", "missing_lines": 0, "excluded_lines": 0, "percent_statements_covered": 100.0, "percent_statements_covered_display": "100", "num_branches": 0, "num_partial_branches": 0, "covered_branches": 0, "missing_branches": 0, "percent_branches_covered": 100.0, "percent_branches_covered_display": "100"}, "missing_lines": [], "excluded_lines": [], "start_line": 118, "executed_branches": [], "missing_branches": []}, "_read_header": {"executed_lines": [124, 126, 127, 129, 130, 132, 133, 134, 136, 137], "summary": {"covered_lines": 10, "num_statements": 13, "percent_covered": 71.42857142857143, "percent_covered_display": "71", "missing_lines": 3, "excluded_lines": 0, "percent_statements_covered": 76.92307692307692, "percent_statements_covered_display": "77", "num_branches": 8, "num_partial_branches": 3, "covered_branches": 5, "missing_branches": 3, "percent_branches_covered": 62.5, "percent_branches_covered_display": "62"}, "missing_lines": [125, 128, 135], "excluded_lines": [], "start_line": 123, "executed_branches": [[124, 126], [127, 129], [129, 130], [129, 132], [134, 136]], "missing_branches": [[124, 125], [127, 128], [134, 135]]}, "_parse_ifd": {"executed_lines": [141, 142, 144, 145, 147, 148, 151, 152, 153, 154, 155, 156, 157, 158, 159, 160, 161, 166, 168, 169], "summary": {"covered_lines": 20, "num_statements": 24, "percent_covered": 76.47058823529412, "percent_covered_display": "76", "missing_lines": 4, "excluded_lines": 0, "percent_statements_covered": 83.33333333333333, "percent_statements_covered_display": "83", "num_branches": 10, "num_partial_branches": 4, "covered_branches": 6, "missing_branches": 4, "percent_branches_covered": 60.0, "percent_branches_covered_display": "60"}, "missing_lines": [143, 146, 149, 163], "excluded_lines": [], "start_line": 140, "executed_branches": [[142, 144], [145, 147], [148, 151], [152, 153], [152, 168], [161, 166]], "missing_branches": [[142, 143], [145, 146], [148, 149], [161, 163]]}, "_thumbnail_from": {"executed_lines": [173, 174, 175, 176, 178, 179, 180, 181], "summary": {"covered_lines": 8, "num_statements": 8, "percent_covered": 91.66666666666667, "percent_covered_display": "92", "missing_lines": 0, "excluded_lines": 0, "percent_statements_covered": 100.0, "percent_statements_covered_display": "100", "num_branches": 4, "num_partial_branches": 1, "covered_branches": 3, "missing_branches": 1, "percent_branches_covered": 75.0, "percent_branches_covered_display": "75"}, "missing_lines": [], "excluded_lines": [], "start_line": 172, "executed_branches": [[176, 178], [176, 181], [179, 180]], "missing_branches": [[179, 181]]}, "parse": {"executed_lines": [188, 189, 190, 192, 215, 216, 217, 218, 220, 221, 222, 223, 229, 230, 231, 232, 233, 234, 235, 236, 238], "summary": {"covered_lines": 21, "num_statements": 27, "percent_covered": 75.67567567567568, "percent_covered_display": "76", "missing_lines": 6, "excluded_lines": 0, "percent_statements_covered": 77.77777777777777, "percent_statements_covered_display": "78", "num_branches": 10, "num_partial_branches": 1, "covered_branches": 7, "missing_branches": 3, "percent_branches_covered": 70.0, "percent_branches_covered_display": "70"}, "missing_lines": [219, 224, 225, 226, 227, 228], "excluded_lines": [], "start_line": 184, "executed_branches": [[216, 217], [216, 238], [217, 218], [217, 222], [218, 220], [233, 234], [233, 235]], "missing_branches": [[218, 219], [225, 226], [225, 227]]}, "parse.walk_subifds": {"executed_lines": [193, 194, 195, 196, 197, 198, 203, 204, 210, 211, 212], "summary": {"covered_lines": 11, "num_statements": 20, "percent_covered": 53.333333333333336, "percent_covered_display": "53", "missing_lines": 9, "excluded_lines": 0, "percent_statements_covered": 55.0, "percent_statements_covered_display": "55", "num_branches": 10, "num_partial_branches": 1, "covered_branches": 5, "missing_branches": 5, "percent_branches_covered": 50.0, "percent_branches_covered_display": "50"}, "missing_lines": [199, 200, 201, 202, 205, 206, 207, 208, 209], "excluded_lines": [], "start_line": 192, "executed_branches": [[193, -192], [193, 194], [195, 196], [195, 197], [198, 203]], "missing_branches": [[198, 199], [199, 200], [199, 201], [206, 207], [206, 208]]}, "loci": {"executed_lines": [246, 247, 248, 249, 250, 251, 252, 254, 255, 256, 257], "summary": {"covered_lines": 11, "num_statements": 11, "percent_covered": 100.0, "percent_covered_display": "100", "missing_lines": 0, "excluded_lines": 0, "percent_statements_covered": 100.0, "percent_statements_covered_display": "100", "num_branches": 8, "num_partial_branches": 0, "covered_branches": 8, "missing_branches": 0, "percent_branches_covered": 100.0, "percent_branches_covered_display": "100"}, "missing_lines": [], "excluded_lines": [], "start_line": 241, "executed_branches": [[247, 248], [247, 254], [250, 247], [250, 251], [251, 250], [251, 252], [254, 255], [254, 256]], "missing_branches": []}, "summarize": {"executed_lines": [], "summary": {"covered_lines": 0, "num_statements": 1, "percent_covered": 0.0, "percent_covered_display": "0", "missing_lines": 1, "excluded_lines": 0, "percent_statements_covered": 0.0, "percent_statements_covered_display": "0", "num_branches": 0, "num_partial_branches": 0, "covered_branches": 0, "missing_branches": 0, "percent_branches_covered": 100.0, "percent_branches_covered_display": "100"}, "missing_lines": [262], "excluded_lines": [], "start_line": 260, "executed_branches": [], "missing_branches": []}, "": {"executed_lines": [27, 29, 30, 32, 35, 38, 55, 62, 63, 64, 65, 67, 68, 71, 72, 73, 74, 75, 76, 77, 78, 79, 82, 83, 84, 85, 86, 87, 90, 91, 92, 93, 94, 97, 98, 99, 100, 101, 102, 103, 106, 107, 108, 109, 110, 114, 118, 123, 140, 172, 184, 241, 260], "summary": {"covered_lines": 53, "num_statements": 53, "percent_covered": 100.0, "percent_covered_display": "100", "missing_lines": 0, "excluded_lines": 0, "percent_statements_covered": 100.0, "percent_statements_covered_display": "100", "num_branches": 0, "num_partial_branches": 0, "covered_branches": 0, "missing_branches": 0, "percent_branches_covered": 100.0, "percent_branches_covered_display": "100"}, "missing_lines": [], "excluded_lines": [], "start_line": 1, "executed_branches": [], "missing_branches": []}}, "classes": {"IfdEntry": {"executed_lines": [], "summary": {"covered_lines": 0, "num_statements": 0, "percent_covered": 100.0, "percent_covered_display": "100", "missing_lines": 0, "excluded_lines": 0, "percent_statements_covered": 100.0, "percent_statements_covered_display": "100", "num_branches": 0, "num_partial_branches": 0, "covered_branches": 0, "missing_branches": 0, "percent_branches_covered": 100.0, "percent_branches_covered_display": "100"}, "missing_lines": [], "excluded_lines": [], "start_line": 72, "executed_branches": [], "missing_branches": []}, "Ifd": {"executed_lines": [], "summary": {"covered_lines": 0, "num_statements": 0, "percent_covered": 100.0, "percent_covered_display": "100", "missing_lines": 0, "excluded_lines": 0, "percent_statements_covered": 100.0, "percent_statements_covered_display": "100", "num_branches": 0, "num_partial_branches": 0, "covered_branches": 0, "missing_branches": 0, "percent_branches_covered": 100.0, "percent_branches_covered_display": "100"}, "missing_lines": [], "excluded_lines": [], "start_line": 83, "executed_branches": [], "missing_branches": []}, "Thumbnail": {"executed_lines": [], "summary": {"covered_lines": 0, "num_statements": 0, "percent_covered": 100.0, "percent_covered_display": "100", "missing_lines": 0, "excluded_lines": 0, "percent_statements_covered": 100.0, "percent_statements_covered_display": "100", "num_branches": 0, "num_partial_branches": 0, "covered_branches": 0, "missing_branches": 0, "percent_branches_covered": 100.0, "percent_branches_covered_display": "100"}, "missing_lines": [], "excluded_lines": [], "start_line": 91, "executed_branches": [], "missing_branches": []}, "IfdTree": {"executed_lines": [], "summary": {"covered_lines": 0, "num_statements": 0, "percent_covered": 100.0, "percent_covered_display": "100", "missing_lines": 0, "excluded_lines": 0, "percent_statements_covered": 100.0, "percent_statements_covered_display": "100", "num_branches": 0, "num_partial_branches": 0, "covered_branches": 0, "missing_branches": 0, "percent_branches_covered": 100.0, "percent_branches_covered_display": "100"}, "missing_lines": [], "excluded_lines": [], "start_line": 98, "executed_branches": [], "missing_branches": []}, "Locus": {"executed_lines": [], "summary": {"covered_lines": 0, "num_statements": 0, "percent_covered": 100.0, "percent_covered_display": "100", "missing_lines": 0, "excluded_lines": 0, "percent_statements_covered": 100.0, "percent_statements_covered_display": "100", "num_branches": 0, "num_partial_branches": 0, "covered_branches": 0, "missing_branches": 0, "percent_branches_covered": 100.0, "percent_branches_covered_display": "100"}, "missing_lines": [], "excluded_lines": [], "start_line": 107, "executed_branches": [], "missing_branches": []}, "": {"executed_lines": [27, 29, 30, 32, 35, 38, 55, 62, 63, 64, 65, 67, 68, 71, 72, 73, 74, 75, 76, 77, 78, 79, 82, 83, 84, 85, 86, 87, 90, 91, 92, 93, 94, 97, 98, 99, 100, 101, 102, 103, 106, 107, 108, 109, 110, 114, 115, 118, 120, 123, 124, 126, 127, 129, 130, 132, 133, 134, 136, 137, 140, 141, 142, 144, 145, 147, 148, 151, 152, 153, 154, 155, 156, 157, 158, 159, 160, 161, 166, 168, 169, 172, 173, 174, 175, 176, 178, 179, 180, 181, 184, 188, 189, 190, 192, 193, 194, 195, 196, 197, 198, 203, 204, 210, 211, 212, 215, 216, 217, 218, 220, 221, 222, 223, 229, 230, 231, 232, 233, 234, 235, 236, 238, 241, 246, 247, 248, 249, 250, 251, 252, 254, 255, 256, 257, 260], "summary": {"covered_lines": 136, "num_statements": 159, "percent_covered": 81.33971291866028, "percent_covered_display": "81", "missing_lines": 23, "excluded_lines": 0, "percent_statements_covered": 85.53459119496856, "percent_statements_covered_display": "86", "num_branches": 50, "num_partial_branches": 10, "covered_branches": 34, "missing_branches": 16, "percent_branches_covered": 68.0, "percent_branches_covered_display": "68"}, "missing_lines": [125, 128, 135, 143, 146, 149, 163, 199, 200, 201, 202, 205, 206, 207, 208, 209, 219, 224, 225, 226, 227, 228, 262], "excluded_lines": [], "start_line": 1, "executed_branches": [[124, 126], [127, 129], [129, 130], [129, 132], [134, 136], [142, 144], [145, 147], [148, 151], [152, 153], [152, 168], [161, 166], [176, 178], [176, 181], [179, 180], [193, -192], [193, 194], [195, 196], [195, 197], [198, 203], [216, 217], [216, 238], [217, 218], [217, 222], [218, 220], [233, 234], [233, 235], [247, 248], [247, 254], [250, 247], [250, 251], [251, 250], [251, 252], [254, 255], [254, 256]], "missing_branches": [[124, 125], [127, 128], [134, 135], [142, 143], [145, 146], [148, 149], [161, 163], [179, 181], [198, 199], [199, 200], [199, 201], [206, 207], [206, 208], [218, 219], [225, 226], [225, 227]]}}}, "src/scrub/standards/xmp.py": {"executed_lines": [22, 24, 27, 28, 31, 34, 35, 37, 38, 41, 42, 43, 44, 45, 46, 49, 50, 51, 52, 53, 54, 57, 58, 61, 62, 65, 69, 70, 72, 73, 74, 75, 76, 79, 84, 85, 86, 87, 88, 89, 90, 91, 92, 93, 94, 97, 101, 102, 103, 104, 105, 106, 107], "summary": {"covered_lines": 53, "num_statements": 60, "percent_covered": 80.76923076923077, "percent_covered_display": "81", "missing_lines": 7, "excluded_lines": 0, "percent_statements_covered": 88.33333333333333, "percent_statements_covered_display": "88", "num_branches": 18, "num_partial_branches": 4, "covered_branches": 10, "missing_branches": 8, "percent_branches_covered": 55.55555555555556, "percent_branches_covered_display": "56"}, "missing_lines": [71, 109, 110, 111, 112, 113, 114], "excluded_lines": [], "executed_branches": [[70, 72], [85, 86], [85, 87], [88, 89], [88, 94], [91, 92], [91, 93], [102, 103], [104, 105], [106, 107]], "missing_branches": [[70, 71], [102, 109], [104, 109], [106, 109], [110, 111], [110, 114], [112, 113], [112, 114]], "functions": {"is_standard": {"executed_lines": [58], "summary": {"covered_lines": 1, "num_statements": 1, "percent_covered": 100.0, "percent_covered_display": "100", "missing_lines": 0, "excluded_lines": 0, "percent_statements_covered": 100.0, "percent_statements_covered_display": "100", "num_branches": 0, "num_partial_branches": 0, "covered_branches": 0, "missing_branches": 0, "percent_branches_covered": 100.0, "percent_branches_covered_display": "100"}, "missing_lines": [], "excluded_lines": [], "start_line": 57, "executed_branches": [], "missing_branches": []}, "is_extended": {"executed_lines": [62], "summary": {"covered_lines": 1, "num_statements": 1, "percent_covered": 100.0, "percent_covered_display": "100", "missing_lines": 0, "excluded_lines": 0, "percent_statements_covered": 100.0, "percent_statements_covered_display": "100", "num_branches": 0, "num_partial_branches": 0, "covered_branches": 0, "missing_branches": 0, "percent_branches_covered": 100.0, "percent_branches_covered_display": "100"}, "missing_lines": [], "excluded_lines": [], "start_line": 61, "executed_branches": [], "missing_branches": []}, "parse_extended_segment": {"executed_lines": [69, 70, 72, 73, 74, 75, 76], "summary": {"covered_lines": 7, "num_statements": 8, "percent_covered": 80.0, "percent_covered_display": "80", "missing_lines": 1, "excluded_lines": 0, "percent_statements_covered": 87.5, "percent_statements_covered_display": "88", "num_branches": 2, "num_partial_branches": 1, "covered_branches": 1, "missing_branches": 1, "percent_branches_covered": 50.0, "percent_branches_covered_display": "50"}, "missing_lines": [71], "excluded_lines": [], "start_line": 65, "executed_branches": [[70, 72]], "missing_branches": [[70, 71]]}, "reassemble_extended": {"executed_lines": [84, 85, 86, 87, 88, 89, 90, 91, 92, 93, 94], "summary": {"covered_lines": 11, "num_statements": 11, "percent_covered": 100.0, "percent_covered_display": "100", "missing_lines": 0, "excluded_lines": 0, "percent_statements_covered": 100.0, "percent_statements_covered_display": "100", "num_branches": 6, "num_partial_branches": 0, "covered_branches": 6, "missing_branches": 0, "percent_branches_covered": 100.0, "percent_branches_covered_display": "100"}, "missing_lines": [], "excluded_lines": [], "start_line": 79, "executed_branches": [[85, 86], [85, 87], [88, 89], [88, 94], [91, 92], [91, 93]], "missing_branches": []}, "find_packet_span": {"executed_lines": [101, 102, 103, 104, 105, 106, 107], "summary": {"covered_lines": 7, "num_statements": 13, "percent_covered": 43.47826086956522, "percent_covered_display": "43", "missing_lines": 6, "excluded_lines": 0, "percent_statements_covered": 53.84615384615385, "percent_statements_covered_display": "54", "num_branches": 10, "num_partial_branches": 3, "covered_branches": 3, "missing_branches": 7, "percent_branches_covered": 30.0, "percent_branches_covered_display": "30"}, "missing_lines": [109, 110, 111, 112, 113, 114], "excluded_lines": [], "start_line": 97, "executed_branches": [[102, 103], [104, 105], [106, 107]], "missing_branches": [[102, 109], [104, 109], [106, 109], [110, 111], [110, 114], [112, 113], [112, 114]]}, "": {"executed_lines": [22, 24, 27, 28, 31, 34, 35, 37, 38, 41, 42, 43, 44, 45, 46, 49, 50, 51, 52, 53, 54, 57, 61, 65, 79, 97], "summary": {"covered_lines": 26, "num_statements": 26, "percent_covered": 100.0, "percent_covered_display": "100", "missing_lines": 0, "excluded_lines": 0, "percent_statements_covered": 100.0, "percent_statements_covered_display": "100", "num_branches": 0, "num_partial_branches": 0, "covered_branches": 0, "missing_branches": 0, "percent_branches_covered": 100.0, "percent_branches_covered_display": "100"}, "missing_lines": [], "excluded_lines": [], "start_line": 1, "executed_branches": [], "missing_branches": []}}, "classes": {"ExtendedChunk": {"executed_lines": [], "summary": {"covered_lines": 0, "num_statements": 0, "percent_covered": 100.0, "percent_covered_display": "100", "missing_lines": 0, "excluded_lines": 0, "percent_statements_covered": 100.0, "percent_statements_covered_display": "100", "num_branches": 0, "num_partial_branches": 0, "covered_branches": 0, "missing_branches": 0, "percent_branches_covered": 100.0, "percent_branches_covered_display": "100"}, "missing_lines": [], "excluded_lines": [], "start_line": 42, "executed_branches": [], "missing_branches": []}, "XmpFinding": {"executed_lines": [], "summary": {"covered_lines": 0, "num_statements": 0, "percent_covered": 100.0, "percent_covered_display": "100", "missing_lines": 0, "excluded_lines": 0, "percent_statements_covered": 100.0, "percent_statements_covered_display": "100", "num_branches": 0, "num_partial_branches": 0, "covered_branches": 0, "missing_branches": 0, "percent_branches_covered": 100.0, "percent_branches_covered_display": "100"}, "missing_lines": [], "excluded_lines": [], "start_line": 50, "executed_branches": [], "missing_branches": []}, "": {"executed_lines": [22, 24, 27, 28, 31, 34, 35, 37, 38, 41, 42, 43, 44, 45, 46, 49, 50, 51, 52, 53, 54, 57, 58, 61, 62, 65, 69, 70, 72, 73, 74, 75, 76, 79, 84, 85, 86, 87, 88, 89, 90, 91, 92, 93, 94, 97, 101, 102, 103, 104, 105, 106, 107], "summary": {"covered_lines": 53, "num_statements": 60, "percent_covered": 80.76923076923077, "percent_covered_display": "81", "missing_lines": 7, "excluded_lines": 0, "percent_statements_covered": 88.33333333333333, "percent_statements_covered_display": "88", "num_branches": 18, "num_partial_branches": 4, "covered_branches": 10, "missing_branches": 8, "percent_branches_covered": 55.55555555555556, "percent_branches_covered_display": "56"}, "missing_lines": [71, 109, 110, 111, 112, 113, 114], "excluded_lines": [], "start_line": 1, "executed_branches": [[70, 72], [85, 86], [85, 87], [88, 89], [88, 94], [91, 92], [91, 93], [102, 103], [104, 105], [106, 107]], "missing_branches": [[70, 71], [102, 109], [104, 109], [106, 109], [110, 111], [110, 114], [112, 113], [112, 114]]}}}}, "totals": {"covered_lines": 1102, "num_statements": 1233, "percent_covered": 85.69674647022714, "percent_covered_display": "86", "missing_lines": 131, "excluded_lines": 9, "percent_statements_covered": 89.37550689375507, "percent_statements_covered_display": "89", "num_branches": 396, "num_partial_branches": 88, "covered_branches": 294, "missing_branches": 102, "percent_branches_covered": 74.24242424242425, "percent_branches_covered_display": "74"}}