<?xml version="1.0" encoding="utf-8"?><testsuites name="pytest tests"><testsuite name="pytest" errors="0" failures="0" skipped="0" tests="154" time="49.367" timestamp="2026-08-02T21:05:58.504180+03:00" hostname="Hichams-MacBook-Pro-2.local"><testcase classname="tests.harness.tests.test_diff" name="test_identical_blobs_yield_no_features" time="0.001" /><testcase classname="tests.harness.tests.test_diff" name="test_single_byte_change_one_feature_with_per_blob_values" time="0.000" /><testcase classname="tests.harness.tests.test_diff" name="test_hex_context_window" time="0.000" /><testcase classname="tests.harness.tests.test_diff" name="test_hex_context_clamps_at_edges" time="0.000" /><testcase classname="tests.harness.tests.test_diff" name="test_differing_length_emits_tail_and_length_divergence" time="0.000" /><testcase classname="tests.harness.tests.test_diff" name="test_to_feature_maps_round_trips_small_grid" time="0.000" /><testcase classname="tests.harness.tests.test_dispatch" name="test_toyf_header_resolves_to_toy_plugin" time="0.004" /><testcase classname="tests.harness.tests.test_dispatch" name="test_non_toyf_header_resolves_to_generic" time="0.001" /><testcase classname="tests.harness.tests.test_dispatch" name="test_toy_plugin_mandatory_constants" time="0.000" /><testcase classname="tests.harness.tests.test_dispatch" name="test_toy_plugin_canonical_content_returns_content_region" time="0.001" /><testcase classname="tests.harness.tests.test_exit_gate" name="test_ac1_leaky_flagged" time="0.004" /><testcase classname="tests.harness.tests.test_exit_gate" name="test_ac2_clean_passes" time="0.004" /><testcase classname="tests.harness.tests.test_exit_gate" name="test_ac3_version_passes_a1_but_guard_fails" time="0.007" /><testcase classname="tests.harness.tests.test_exit_gate" name="test_ac4_noisy_floor_is_not_a_leak" time="0.005" /><testcase classname="tests.harness.tests.test_exit_gate" name="test_ac_matrix_end_to_end" time="0.014" /><testcase classname="tests.harness.tests.test_fingerprint_guard" name="test_clean_stub_passes_guard" time="0.002" /><testcase classname="tests.harness.tests.test_fingerprint_guard" name="test_version_stub_fails_with_decoded_tag" time="0.002" /><testcase classname="tests.harness.tests.test_floor" name="test_clean_stub_floor_is_deterministic" time="0.001" /><testcase classname="tests.harness.tests.test_floor" name="test_clean_stub_floor_via_a1_variants" time="0.002" /><testcase classname="tests.harness.tests.test_floor" name="test_noisy_clean_stub_floor_has_nonce_locus" time="0.001" /><testcase classname="tests.harness.tests.test_peerset_a2" name="test_ac5_per_source_stub_leaks" time="0.002" /><testcase classname="tests.harness.tests.test_peerset_a2" name="test_ac5_clean_stub_passes_a2" time="0.002" /><testcase classname="tests.harness.tests.test_toy_format" name="test_pack_unpack_round_trip[-records0]" time="0.000" /><testcase classname="tests.harness.tests.test_toy_format" name="test_pack_unpack_round_trip[hello-content-records1]" time="0.000" /><testcase classname="tests.harness.tests.test_toy_format" name="test_pack_unpack_round_trip[x-records2]" time="0.000" /><testcase classname="tests.harness.tests.test_toy_format" name="test_pack_unpack_round_trip[the-quick-brown-fox-payload-records3]" time="0.000" /><testcase classname="tests.harness.tests.test_toy_format" name="test_pack_unpack_round_trip[boundary-records4]" time="0.000" /><testcase classname="tests.harness.tests.test_toy_format" name="test_read_write_round_trip[-records0]" time="0.001" /><testcase classname="tests.harness.tests.test_toy_format" name="test_read_write_round_trip[hello-content-records1]" time="0.001" /><testcase classname="tests.harness.tests.test_toy_format" name="test_read_write_round_trip[x-records2]" time="0.001" /><testcase classname="tests.harness.tests.test_toy_format" name="test_read_write_round_trip[the-quick-brown-fox-payload-records3]" time="0.001" /><testcase classname="tests.harness.tests.test_toy_format" name="test_read_write_round_trip[boundary-records4]" time="0.001" /><testcase classname="tests.harness.tests.test_toy_format" name="test_max_size_value_is_accepted" time="0.000" /><testcase classname="tests.harness.tests.test_toy_format" name="test_value_too_long_raises" time="0.000" /><testcase classname="tests.harness.tests.test_toy_format" name="test_type_out_of_range_raises" time="0.000" /><testcase classname="tests.harness.tests.test_toy_format" name="test_bad_magic_unpack_raises" time="0.000" /><testcase classname="tests.harness.tests.test_toy_format" name="test_bad_magic_read_raises" time="0.000" /><testcase classname="tests.harness.tests.test_variance" name="test_deterministic_clean_no_leak_no_floor" time="0.000" /><testcase classname="tests.harness.tests.test_variance" name="test_leaky_feature_separates_groups" time="0.000" /><testcase classname="tests.harness.tests.test_variance" name="test_nonce_feature_is_floor_not_leak" time="0.000" /><testcase classname="tests.harness.tests.test_variance" name="test_a2_per_source_within_constant_across_variable_is_leak" time="0.000" /><testcase classname="tests.scrub.test_cli_dispatch" name="test_dispatch_resolves_jpeg_by_magic" time="0.007" /><testcase classname="tests.scrub.test_cli_dispatch" name="test_dispatch_unsupported_raises" time="0.001" /><testcase classname="tests.scrub.test_cli_dispatch" name="test_cli_scrub_file_end_to_end" time="0.003" /><testcase classname="tests.scrub.test_cli_dispatch" name="test_cli_main_unsupported_format_exit3" time="0.001" /><testcase classname="tests.scrub.test_cli_dispatch" name="test_cli_main_fidelity_error_exit5" time="0.000" /><testcase classname="tests.scrub.test_cli_dispatch" name="test_cli_main_f3_success_exit0" time="0.168" /><testcase classname="tests.scrub.test_cli_dispatch" name="test_cli_main_success_exit0" time="0.002" /><testcase classname="tests.scrub.test_cli_dispatch" name="test_verify_blocks_leaky_handler" time="0.002" /><testcase classname="tests.scrub.test_e3_dqt" name="test_structural_features_exposes_dqt" time="0.002" /><testcase classname="tests.scrub.test_e3_dqt" name="test_structural_features_dqt_is_content_independent" time="0.004" /><testcase classname="tests.scrub.test_e3_dqt" name="test_structural_features_empty_on_garbage" time="0.001" /><testcase classname="tests.scrub.test_e3_dqt" name="test_e3_flags_dqt_as_producer_fingerprint_raw" time="0.537" /><testcase classname="tests.scrub.test_e3_dqt" name="test_e3_fingerprint_survives_f1" time="0.545" /><testcase classname="tests.scrub.test_e3_dqt" name="test_e3_evaluate_cell_returns_fail" time="0.557" /><testcase classname="tests.scrub.test_e_engine" name="test_peer_set_spans_two_engines" time="0.000" /><testcase classname="tests.scrub.test_e_engine" name="test_level_cannot_be_the_discriminator" time="0.803" /><testcase classname="tests.scrub.test_e_engine" name="test_controls_recover_the_engine" time="6.796" /><testcase classname="tests.scrub.test_e_engine" name="test_f3_destroys_the_cross_engine_trace" time="0.000" /><testcase classname="tests.scrub.test_f1" name="test_f1_removes_every_metadata_locus" time="0.001" /><testcase classname="tests.scrub.test_f1" name="test_f1_preserves_pixels_bit_exact" time="0.003" /><testcase classname="tests.scrub.test_f1" name="test_f1_preserves_entropy_bytes_verbatim" time="0.001" /><testcase classname="tests.scrub.test_f1" name="test_f1_canonicalizes_jfif" time="0.001" /><testcase classname="tests.scrub.test_f1" name="test_f1_is_deterministic" time="0.001" /><testcase classname="tests.scrub.test_f1" name="test_residuals_flags_unscrubbed_input" time="0.001" /><testcase classname="tests.scrub.test_f2" name="test_f2_removes_every_metadata_locus" time="0.011" /><testcase classname="tests.scrub.test_f2" name="test_f2_preserves_pixels_bit_exact" time="0.007" /><testcase classname="tests.scrub.test_f2" name="test_f2_preserves_quantization_tables" time="0.006" /><testcase classname="tests.scrub.test_f2" name="test_f2_strips_restart_markers" time="0.007" /><testcase classname="tests.scrub.test_f2" name="test_f2_regenerates_huffman_tables" time="0.007" /><testcase classname="tests.scrub.test_f2" name="test_f2_is_deterministic" time="0.011" /><testcase classname="tests.scrub.test_f2" name="test_f2_output_is_clean_jpeg_structure" time="0.007" /><testcase classname="tests.scrub.test_f2" name="test_residuals_flags_unscrubbed_input" time="0.001" /><testcase classname="tests.scrub.test_f2" name="test_f2_handles_cmyk_keeping_colour_transform" time="0.008" /><testcase classname="tests.scrub.test_f3" name="test_f3_removes_every_metadata_locus" time="0.002" /><testcase classname="tests.scrub.test_f3" name="test_f3_strips_comment_leak" time="0.001" /><testcase classname="tests.scrub.test_f3" name="test_f3_normalizes_dqt_across_inputs" time="0.003" /><testcase classname="tests.scrub.test_f3" name="test_f3_content_preserved_under_phash" time="0.001" /><testcase classname="tests.scrub.test_f3" name="test_f3_output_decodes_and_matches_dimensions" time="0.001" /><testcase classname="tests.scrub.test_f3" name="test_f3_is_deterministic" time="0.001" /><testcase classname="tests.scrub.test_f3" name="test_residuals_flags_unscrubbed_input" time="0.001" /><testcase classname="tests.scrub.test_forensic_recovery" name="test_secrets_are_present_before_scrub" time="0.004" /><testcase classname="tests.scrub.test_forensic_recovery" name="test_jpeg_no_secret_recoverable[F1]" time="0.002" /><testcase classname="tests.scrub.test_forensic_recovery" name="test_jpeg_no_secret_recoverable[F2]" time="0.011" /><testcase classname="tests.scrub.test_forensic_recovery" name="test_jpeg_no_secret_recoverable[F3]" time="0.004" /><testcase classname="tests.scrub.test_forensic_recovery" name="test_png_no_secret_recoverable[F1]" time="0.004" /><testcase classname="tests.scrub.test_forensic_recovery" name="test_png_no_secret_recoverable[F2]" time="0.003" /><testcase classname="tests.scrub.test_forensic_recovery" name="test_mp3_secrets_present_before_scrub" time="0.040" /><testcase classname="tests.scrub.test_forensic_recovery" name="test_mp3_no_secret_recoverable[F1]" time="0.041" /><testcase classname="tests.scrub.test_forensic_recovery" name="test_mp3_no_secret_recoverable[F3]" time="0.258" /><testcase classname="tests.scrub.test_harness_a1" name="test_a1_f1_no_variant_correlated_leak" time="0.010" /><testcase classname="tests.scrub.test_harness_a1" name="test_a1_f2_no_variant_correlated_leak" time="0.118" /><testcase classname="tests.scrub.test_harness_a1" name="test_a1_floor_is_empty_for_our_scrubber" time="0.004" /><testcase classname="tests.scrub.test_harness_a1" name="test_fingerprint_guard_passes_over_diverse_inputs" time="0.896" /><testcase classname="tests.scrub.test_harness_a1" name="test_fingerprint_guard_passes_at_f2" time="0.108" /><testcase classname="tests.scrub.test_harness_a1" name="test_a1_detects_a_deliberately_leaky_scrubber" time="0.007" /><testcase classname="tests.scrub.test_harness_a1" name="test_subprocess_scrubber_contract" time="0.072" /><testcase classname="tests.scrub.test_harness_png" name="test_png_a1_no_leak_f1" time="0.007" /><testcase classname="tests.scrub.test_harness_png" name="test_png_a1_no_leak_f2" time="0.013" /><testcase classname="tests.scrub.test_harness_png" name="test_png_a2_fingerprint_present_raw" time="0.450" /><testcase classname="tests.scrub.test_harness_png" name="test_png_a2_fingerprint_erased_by_f2" time="0.518" /><testcase classname="tests.scrub.test_integration_exiftool" name="test_scrubbed_jpeg_has_no_identifying_metadata" time="0.130" /><testcase classname="tests.scrub.test_integration_exiftool" name="test_scrubbed_jpeg_still_decodes_identically" time="0.064" /><testcase classname="tests.scrub.test_matrix" name="test_matrix_builds_and_validates" time="2.350" /><testcase classname="tests.scrub.test_matrix_mp3" name="test_mp3_matrix_builds_and_validates" time="30.174" /><testcase classname="tests.scrub.test_matrix_png" name="test_png_matrix_builds_and_validates" time="1.331" /><testcase classname="tests.scrub.test_mp3" name="test_walker_parses_torture" time="0.039" /><testcase classname="tests.scrub.test_mp3" name="test_walker_rejects_non_mp3" time="0.000" /><testcase classname="tests.scrub.test_mp3" name="test_f1_removes_all_user_metadata" time="0.040" /><testcase classname="tests.scrub.test_mp3" name="test_f1_preserves_pcm_bit_exact" time="0.098" /><testcase classname="tests.scrub.test_mp3" name="test_f1_is_deterministic" time="0.038" /><testcase classname="tests.scrub.test_mp3" name="test_f1_residuals_flags_dirty" time="0.039" /><testcase classname="tests.scrub.test_mp3" name="test_f3_removes_all_user_metadata" time="0.258" /><testcase classname="tests.scrub.test_mp3" name="test_f3_normalizes_encoder_fingerprint" time="0.799" /><testcase classname="tests.scrub.test_mp3" name="test_f3_accepts_audio_from_a_non_lowpassing_encoder" time="0.407" /><testcase classname="tests.scrub.test_mp3" name="test_perceptual_gate_still_rejects_different_audio" time="0.247" /><testcase classname="tests.scrub.test_mp3" name="test_f3_is_deterministic" time="0.490" /><testcase classname="tests.scrub.test_mp3" name="test_f3_content_preserved_perceptually" time="0.418" /><testcase classname="tests.scrub.test_png" name="test_walk_parses_and_verifies_crc" time="0.001" /><testcase classname="tests.scrub.test_png" name="test_walk_rejects_bad_crc" time="0.001" /><testcase classname="tests.scrub.test_png" name="test_walk_rejects_non_png" time="0.000" /><testcase classname="tests.scrub.test_png" name="test_assemble_roundtrip_is_stable" time="0.001" /><testcase classname="tests.scrub.test_png" name="test_f1_removes_text_metadata" time="0.001" /><testcase classname="tests.scrub.test_png" name="test_f1_keeps_idat_verbatim" time="0.001" /><testcase classname="tests.scrub.test_png" name="test_f1_drops_trailer" time="0.001" /><testcase classname="tests.scrub.test_png" name="test_f1_residuals_flags_metadata" time="0.001" /><testcase classname="tests.scrub.test_png" name="test_f2_removes_metadata" time="0.002" /><testcase classname="tests.scrub.test_png" name="test_f2_normalizes_deflate_fingerprint_losslessly" time="0.003" /><testcase classname="tests.scrub.test_png" name="test_f2_is_deterministic" time="0.002" /><testcase classname="tests.scrub.test_png" name="test_f2_preserves_alpha" time="0.002" /><testcase classname="tests.scrub.test_png" name="test_f2_preserves_palette_pixels" time="0.004" /><testcase classname="tests.scrub.test_qa_report_limits" name="test_limits_doc_exists_and_is_parseable" time="0.000" /><testcase classname="tests.scrub.test_qa_report_limits" name="test_report_embeds_the_limits_rather_than_its_own_copy" time="0.000" /><testcase classname="tests.scrub.test_qa_report_limits" name="test_missing_limits_doc_is_reported_not_hidden" time="0.000" /><testcase classname="tests.scrub.test_qa_report_limits" name="test_known_open_limits_are_actually_documented" time="0.000" /><testcase classname="tests.scrub.test_segments" name="test_walk_accounts_for_every_byte" time="0.000" /><testcase classname="tests.scrub.test_segments" name="test_entropy_scan_passes_stuffing_and_rst" time="0.000" /><testcase classname="tests.scrub.test_segments" name="test_multiple_scans_progressive" time="0.000" /><testcase classname="tests.scrub.test_segments" name="test_fill_bytes_before_marker" time="0.000" /><testcase classname="tests.scrub.test_segments" name="test_malformed_fails_closed[\x89PNG\r\n\x1a\n]" time="0.000" /><testcase classname="tests.scrub.test_segments" name="test_malformed_fails_closed[\xff\xd8\xff\xe0\x00\xff\x00\x00\x00\x00]" time="0.000" /><testcase classname="tests.scrub.test_segments" name="test_malformed_fails_closed[\xff\xd8\xff\xdb\x00\x04\x00\x00]" time="0.000" /><testcase classname="tests.scrub.test_segments" name="test_classifies_real_base_jpeg" time="0.001" /><testcase classname="tests.scrub.test_segments" name="test_classifies_torture_loci" time="0.001" /><testcase classname="tests.scrub.test_standards" name="test_tiff_ifd_walks_all_ifds_and_thumbnail" time="0.001" /><testcase classname="tests.scrub.test_standards" name="test_tiff_ifd_rejects_bad_header" time="0.000" /><testcase classname="tests.scrub.test_standards" name="test_tiff_ifd_nonstrict_truncates_instead_of_raising" time="0.000" /><testcase classname="tests.scrub.test_standards" name="test_xmp_standard_and_extended_detection" time="0.001" /><testcase classname="tests.scrub.test_standards" name="test_xmp_extended_reassembles_by_offset" time="0.000" /><testcase classname="tests.scrub.test_standards" name="test_xmp_find_packet_span" time="0.000" /><testcase classname="tests.scrub.test_standards" name="test_icc_header_parse_and_sanitize" time="0.001" /><testcase classname="tests.scrub.test_standards" name="test_icc_reassemble_jpeg_app2" time="0.000" /><testcase classname="tests.scrub.test_standards" name="test_icc_reassemble_detects_missing_chunk" time="0.000" /><testcase classname="tests.scrub.test_standards" name="test_iptc_8bim_parse_finds_iptc_and_thumbnail" time="0.000" /></testsuite></testsuites>